TN:
SF:urls.js
FNF:0
FNH:0
DA:1,0
DA:2,0
DA:3,0
DA:4,0
DA:5,0
DA:6,0
DA:7,0
DA:8,0
DA:9,0
DA:10,0
DA:11,0
DA:12,0
DA:13,0
DA:15,0
DA:18,0
DA:21,0
DA:24,0
DA:27,0
DA:30,0
DA:33,0
DA:36,0
DA:39,0
DA:42,0
DA:45,0
DA:48,0
DA:51,0
DA:53,0
LF:27
LH:0
BRF:0
BRH:0
end_of_record
TN:
SF:admin_app\controller\adminController.js
FN:9,(anonymous_0)
FN:93,(anonymous_1)
FN:152,(anonymous_2)
FN:225,(anonymous_3)
FN:249,(anonymous_4)
FN:281,(anonymous_5)
FN:282,(anonymous_6)
FN:283,(anonymous_7)
FN:284,(anonymous_8)
FN:285,(anonymous_9)
FN:286,(anonymous_10)
FN:287,(anonymous_11)
FN:308,(anonymous_12)
FN:346,(anonymous_13)
FN:375,(anonymous_14)
FNF:15
FNH:2
FNDA:4,(anonymous_0)
FNDA:3,(anonymous_1)
FNDA:0,(anonymous_2)
FNDA:0,(anonymous_3)
FNDA:0,(anonymous_4)
FNDA:0,(anonymous_5)
FNDA:0,(anonymous_6)
FNDA:0,(anonymous_7)
FNDA:0,(anonymous_8)
FNDA:0,(anonymous_9)
FNDA:0,(anonymous_10)
FNDA:0,(anonymous_11)
FNDA:0,(anonymous_12)
FNDA:0,(anonymous_13)
FNDA:0,(anonymous_14)
DA:1,1
DA:2,1
DA:3,1
DA:4,1
DA:5,1
DA:7,1
DA:10,4
DA:19,4
DA:22,4
DA:26,4
DA:27,1
DA:28,1
DA:35,3
DA:36,1
DA:43,2
DA:44,2
DA:47,2
DA:48,2
DA:49,1
DA:53,2
DA:66,2
DA:67,0
DA:70,2
DA:71,2
DA:84,0
DA:85,0
DA:94,3
DA:95,3
DA:98,3
DA:102,3
DA:103,1
DA:104,1
DA:111,2
DA:115,2
DA:116,1
DA:117,1
DA:124,1
DA:136,1
DA:137,1
DA:143,0
DA:144,0
DA:153,0
DA:162,0
DA:165,0
DA:169,0
DA:170,0
DA:171,0
DA:178,0
DA:179,0
DA:182,0
DA:183,0
DA:184,0
DA:188,0
DA:202,0
DA:203,0
DA:216,0
DA:217,0
DA:226,0
DA:227,0
DA:230,0
DA:249,0
DA:250,0
DA:252,0
DA:254,0
DA:258,0
DA:260,0
DA:279,0
DA:281,0
DA:282,0
DA:283,0
DA:284,0
DA:285,0
DA:286,0
DA:287,0
DA:290,0
DA:291,0
DA:298,0
DA:299,0
DA:309,0
DA:310,0
DA:312,0
DA:317,0
DA:318,0
DA:322,0
DA:323,0
DA:329,0
DA:346,0
DA:347,0
DA:348,0
DA:349,0
DA:351,0
DA:357,0
DA:358,0
DA:365,0
DA:366,0
DA:376,0
DA:377,0
DA:378,0
DA:380,0
DA:384,0
DA:385,0
DA:391,0
DA:392,0
DA:399,0
DA:416,0
DA:417,0
DA:423,0
DA:424,0
LF:108
LH:36
BRDA:26,0,0,1
BRDA:26,0,1,3
BRDA:35,1,0,1
BRDA:35,1,1,2
BRDA:48,2,0,1
BRDA:48,2,1,1
BRDA:66,3,0,0
BRDA:66,3,1,2
BRDA:102,4,0,1
BRDA:102,4,1,2
BRDA:102,5,0,3
BRDA:102,5,1,2
BRDA:115,6,0,1
BRDA:115,6,1,1
BRDA:169,7,0,0
BRDA:169,7,1,0
BRDA:183,8,0,0
BRDA:183,8,1,0
BRDA:250,9,0,0
BRDA:250,9,1,0
BRDA:252,10,0,0
BRDA:252,10,1,0
BRDA:252,10,2,0
BRDA:254,11,0,0
BRDA:254,11,1,0
BRDA:254,11,2,0
BRDA:258,12,0,0
BRDA:258,12,1,0
BRDA:258,12,2,0
BRDA:269,13,0,0
BRDA:269,13,1,0
BRDA:270,14,0,0
BRDA:270,14,1,0
BRDA:271,15,0,0
BRDA:271,15,1,0
BRDA:272,16,0,0
BRDA:272,16,1,0
BRDA:273,17,0,0
BRDA:273,17,1,0
BRDA:274,18,0,0
BRDA:274,18,1,0
BRDA:317,19,0,0
BRDA:317,19,1,0
BRDA:322,20,0,0
BRDA:322,20,1,0
BRDA:322,21,0,0
BRDA:322,21,1,0
BRDA:384,22,0,0
BRDA:384,22,1,0
BRDA:391,23,0,0
BRDA:391,23,1,0
BRDA:403,24,0,0
BRDA:403,24,1,0
BRF:53
BRH:13
end_of_record
TN:
SF:admin_app\controller\adminTimeSheetController.js
FN:7,(anonymous_0)
FN:59,(anonymous_1)
FN:91,(anonymous_2)
FN:92,(anonymous_3)
FN:93,(anonymous_4)
FN:100,(anonymous_5)
FN:101,(anonymous_6)
FN:102,(anonymous_7)
FN:103,(anonymous_8)
FN:124,(anonymous_9)
FN:182,(anonymous_10)
FN:242,(anonymous_11)
FN:273,(anonymous_12)
FNF:13
FNH:13
FNDA:4,(anonymous_0)
FNDA:2,(anonymous_1)
FNDA:1,(anonymous_2)
FNDA:1,(anonymous_3)
FNDA:1,(anonymous_4)
FNDA:1,(anonymous_5)
FNDA:1,(anonymous_6)
FNDA:1,(anonymous_7)
FNDA:1,(anonymous_8)
FNDA:2,(anonymous_9)
FNDA:3,(anonymous_10)
FNDA:2,(anonymous_11)
FNDA:1,(anonymous_12)
DA:1,1
DA:2,1
DA:3,1
DA:5,1
DA:8,4
DA:9,4
DA:10,4
DA:13,4
DA:14,1
DA:21,4
DA:22,1
DA:25,4
DA:41,3
DA:42,3
DA:49,1
DA:50,1
DA:60,2
DA:61,2
DA:62,2
DA:64,2
DA:84,2
DA:91,2
DA:92,2
DA:93,2
DA:95,2
DA:100,1
DA:101,1
DA:102,1
DA:103,1
DA:106,2
DA:107,2
DA:114,0
DA:115,0
DA:125,2
DA:126,2
DA:127,2
DA:129,2
DA:130,1
DA:133,2
DA:134,0
DA:135,0
DA:141,2
DA:142,2
DA:148,2
DA:164,2
DA:165,2
DA:172,0
DA:173,0
DA:183,3
DA:184,3
DA:186,3
DA:187,1
DA:193,2
DA:196,2
DA:206,2
DA:208,1
DA:216,1
DA:225,2
DA:226,2
DA:232,0
DA:233,0
DA:243,2
DA:244,2
DA:245,2
DA:247,2
DA:249,2
DA:250,1
DA:256,2
DA:273,2
DA:274,1
DA:275,1
DA:276,1
DA:277,1
DA:278,1
DA:279,1
DA:280,1
DA:281,1
DA:292,2
DA:293,2
DA:303,0
DA:304,0
LF:81
LH:71
BRDA:13,0,0,1
BRDA:13,0,1,3
BRDA:13,1,0,4
BRDA:13,1,1,1
BRDA:21,2,0,1
BRDA:21,2,1,3
BRDA:91,3,0,1
BRDA:91,3,1,1
BRDA:92,4,0,1
BRDA:92,4,1,1
BRDA:93,5,0,1
BRDA:93,5,1,0
BRDA:129,6,0,1
BRDA:129,6,1,1
BRDA:133,7,0,0
BRDA:133,7,1,2
BRDA:186,8,0,1
BRDA:186,8,1,2
BRDA:186,9,0,3
BRDA:186,9,1,3
BRDA:206,10,0,1
BRDA:206,10,1,1
BRDA:249,11,0,1
BRDA:249,11,1,1
BRDA:249,12,0,2
BRDA:249,12,1,1
BRDA:274,13,0,1
BRDA:274,13,1,0
BRDA:275,14,0,1
BRDA:275,14,1,0
BRDA:277,15,0,1
BRDA:277,15,1,0
BRDA:278,16,0,0
BRDA:278,16,1,1
BRDA:279,17,0,0
BRDA:279,17,1,1
BRDA:280,18,0,0
BRDA:280,18,1,1
BRDA:299,19,0,2
BRDA:299,19,1,1
BRF:40
BRH:32
end_of_record
TN:
SF:admin_app\controller\agentIdleTimeController.js
FN:6,(anonymous_0)
FN:77,(anonymous_1)
FN:153,(anonymous_2)
FN:183,(anonymous_3)
FN:216,(anonymous_4)
FNF:5
FNH:5
FNDA:5,(anonymous_0)
FNDA:3,(anonymous_1)
FNDA:1,(anonymous_2)
FNDA:4,(anonymous_3)
FNDA:1,(anonymous_4)
DA:1,1
DA:2,1
DA:4,1
DA:7,5
DA:8,5
DA:11,5
DA:15,5
DA:16,1
DA:23,4
DA:24,1
DA:30,3
DA:31,3
DA:32,3
DA:35,3
DA:36,1
DA:43,2
DA:52,1
DA:54,1
DA:67,1
DA:68,1
DA:78,3
DA:79,3
DA:80,3
DA:82,3
DA:85,3
DA:89,3
DA:90,1
DA:97,2
DA:103,2
DA:104,1
DA:105,1
DA:106,1
DA:108,1
DA:115,2
DA:132,2
DA:137,2
DA:145,2
DA:147,2
DA:149,2
DA:153,1
DA:173,0
DA:174,0
DA:184,4
DA:185,4
DA:188,4
DA:193,4
DA:194,1
DA:195,1
DA:196,1
DA:198,1
DA:205,4
DA:215,3
DA:217,1
DA:227,1
DA:228,1
DA:230,1
DA:239,3
DA:241,3
DA:248,1
DA:249,1
LF:60
LH:58
BRDA:15,0,0,1
BRDA:15,0,1,4
BRDA:23,1,0,1
BRDA:23,1,1,3
BRDA:23,2,0,4
BRDA:23,2,1,4
BRDA:35,3,0,1
BRDA:35,3,1,2
BRDA:80,4,0,2
BRDA:80,5,0,2
BRDA:89,6,0,1
BRDA:89,6,1,2
BRDA:103,7,0,1
BRDA:103,7,1,1
BRDA:145,8,0,2
BRDA:145,8,1,1
BRDA:160,9,0,1
BRDA:160,9,1,1
BRDA:193,10,0,1
BRDA:193,10,1,3
BRDA:227,11,0,1
BRDA:227,11,1,0
BRDA:228,12,0,1
BRDA:228,12,1,0
BRF:24
BRH:22
end_of_record
TN:
SF:admin_app\controller\agentWorkingAppsController.js
FN:6,(anonymous_0)
FN:69,(anonymous_1)
FN:174,(anonymous_2)
FN:208,(anonymous_3)
FNF:4
FNH:4
FNDA:5,(anonymous_0)
FNDA:4,(anonymous_1)
FNDA:4,(anonymous_2)
FNDA:1,(anonymous_3)
DA:1,1
DA:2,1
DA:4,1
DA:7,5
DA:8,5
DA:11,5
DA:15,5
DA:16,1
DA:23,4
DA:24,1
DA:31,3
DA:43,2
DA:45,2
DA:59,1
DA:60,1
DA:70,4
DA:71,4
DA:72,4
DA:74,4
DA:77,4
DA:81,4
DA:82,1
DA:89,3
DA:95,3
DA:96,1
DA:97,1
DA:98,1
DA:100,1
DA:107,3
DA:127,3
DA:132,3
DA:141,3
DA:143,3
DA:164,0
DA:165,0
DA:175,4
DA:176,4
DA:179,4
DA:184,4
DA:185,1
DA:186,1
DA:187,1
DA:189,1
DA:196,4
DA:207,3
DA:209,1
DA:219,1
DA:228,3
DA:230,3
DA:237,1
DA:238,1
LF:51
LH:49
BRDA:15,0,0,1
BRDA:15,0,1,4
BRDA:23,1,0,1
BRDA:23,1,1,3
BRDA:23,2,0,4
BRDA:23,2,1,4
BRDA:23,2,2,4
BRDA:23,2,3,3
BRDA:34,3,0,3
BRDA:34,3,1,2
BRDA:37,4,0,3
BRDA:37,4,1,2
BRDA:38,5,0,3
BRDA:38,5,1,2
BRDA:72,6,0,3
BRDA:72,7,0,3
BRDA:81,8,0,1
BRDA:81,8,1,3
BRDA:95,9,0,1
BRDA:95,9,1,2
BRDA:150,10,0,3
BRDA:150,10,1,2
BRDA:151,11,0,3
BRDA:151,11,1,2
BRDA:184,12,0,1
BRDA:184,12,1,3
BRDA:222,13,0,1
BRDA:222,13,1,0
BRDA:223,14,0,1
BRDA:223,14,1,0
BRF:30
BRH:28
end_of_record
TN:
SF:admin_app\controller\benchController.js
FN:6,(anonymous_0)
FN:38,(anonymous_1)
FNF:2
FNH:2
FNDA:3,(anonymous_0)
FNDA:7,(anonymous_1)
DA:1,1
DA:2,1
DA:4,1
DA:7,3
DA:8,3
DA:22,2
DA:23,2
DA:29,1
DA:30,1
DA:39,7
DA:40,7
DA:42,7
DA:59,6
DA:60,6
DA:66,1
DA:67,1
LF:16
LH:16
BRF:0
BRH:0
end_of_record
TN:
SF:admin_app\controller\meetingController.js
FN:16,(anonymous_0)
FN:105,(anonymous_1)
FN:203,(anonymous_2)
FN:262,(anonymous_3)
FN:321,(anonymous_4)
FN:380,(anonymous_5)
FN:447,(anonymous_6)
FN:537,(anonymous_7)
FN:622,(anonymous_8)
FN:714,(anonymous_9)
FN:764,(anonymous_10)
FN:834,(anonymous_11)
FN:907,(anonymous_12)
FNF:13
FNH:12
FNDA:5,(anonymous_0)
FNDA:4,(anonymous_1)
FNDA:1,(anonymous_2)
FNDA:3,(anonymous_3)
FNDA:1,(anonymous_4)
FNDA:0,(anonymous_5)
FNDA:2,(anonymous_6)
FNDA:4,(anonymous_7)
FNDA:2,(anonymous_8)
FNDA:6,(anonymous_9)
FNDA:5,(anonymous_10)
FNDA:7,(anonymous_11)
FNDA:4,(anonymous_12)
DA:1,3
DA:2,3
DA:3,3
DA:4,3
DA:17,5
DA:27,5
DA:30,5
DA:31,1
DA:38,4
DA:39,4
DA:40,1
DA:47,3
DA:48,3
DA:51,3
DA:52,1
DA:58,2
DA:69,1
DA:75,1
DA:81,1
DA:86,1
DA:87,1
DA:93,0
DA:106,4
DA:107,4
DA:116,4
DA:119,4
DA:120,1
DA:121,1
DA:122,1
DA:130,3
DA:131,3
DA:134,3
DA:135,0
DA:141,3
DA:153,1
DA:158,1
DA:164,2
DA:170,2
DA:171,1
DA:177,1
DA:178,1
DA:184,0
DA:185,0
DA:191,0
DA:204,1
DA:205,1
DA:207,1
DA:212,1
DA:217,1
DA:223,0
DA:229,0
DA:230,0
DA:236,0
DA:237,0
DA:243,0
DA:244,0
DA:250,0
DA:263,3
DA:264,3
DA:266,3
DA:271,1
DA:276,1
DA:282,2
DA:288,2
DA:289,1
DA:295,1
DA:296,1
DA:302,0
DA:303,0
DA:309,0
DA:322,1
DA:323,1
DA:325,1
DA:330,1
DA:335,1
DA:341,0
DA:347,0
DA:348,0
DA:354,0
DA:355,0
DA:361,0
DA:362,0
DA:368,0
DA:381,0
DA:390,0
DA:393,0
DA:394,0
DA:396,0
DA:397,0
DA:404,0
DA:405,0
DA:407,0
DA:417,0
DA:424,0
DA:430,0
DA:435,0
DA:448,2
DA:449,2
DA:451,2
DA:501,2
DA:502,1
DA:508,1
DA:513,1
DA:519,0
DA:525,0
DA:538,4
DA:539,4
DA:540,4
DA:542,4
DA:543,1
DA:550,3
DA:555,3
DA:556,1
DA:562,2
DA:563,1
DA:570,1
DA:579,1
DA:580,0
DA:587,1
DA:592,1
DA:598,1
DA:603,0
DA:610,0
DA:623,2
DA:624,2
DA:625,2
DA:627,2
DA:628,0
DA:635,2
DA:640,2
DA:641,0
DA:647,2
DA:648,0
DA:655,2
DA:664,2
DA:665,0
DA:671,2
DA:672,1
DA:679,1
DA:684,1
DA:690,1
DA:695,0
DA:702,0
DA:715,6
DA:716,6
DA:718,6
DA:719,1
DA:725,5
DA:727,3
DA:733,3
DA:739,2
DA:745,2
DA:746,1
DA:752,1
DA:765,5
DA:766,5
DA:767,5
DA:769,5
DA:770,2
DA:776,3
DA:782,1
DA:789,1
DA:795,2
DA:801,2
DA:802,1
DA:808,1
DA:809,1
DA:815,0
DA:816,0
DA:822,0
DA:835,7
DA:843,7
DA:846,7
DA:847,7
DA:849,7
DA:850,2
DA:857,5
DA:858,5
DA:861,5
DA:862,1
DA:868,4
DA:877,4
DA:884,4
DA:890,0
DA:895,0
DA:908,4
DA:909,4
DA:911,4
DA:912,2
DA:918,2
DA:922,2
DA:929,2
DA:935,0
DA:940,0
DA:949,3
LF:195
LH:140
BRDA:22,0,0,3
BRDA:26,1,0,5
BRDA:30,2,0,1
BRDA:30,2,1,4
BRDA:30,3,0,5
BRDA:30,3,1,4
BRDA:39,4,0,1
BRDA:39,4,1,3
BRDA:47,5,0,1
BRDA:47,5,1,2
BRDA:48,6,0,1
BRDA:48,6,1,2
BRDA:51,7,0,1
BRDA:51,7,1,2
BRDA:51,8,0,3
BRDA:51,8,1,1
BRDA:51,8,2,1
BRDA:86,9,0,1
BRDA:86,9,1,0
BRDA:119,10,0,1
BRDA:119,10,1,3
BRDA:121,11,0,1
BRDA:121,11,1,0
BRDA:130,12,0,0
BRDA:130,12,1,3
BRDA:131,13,0,0
BRDA:131,13,1,3
BRDA:134,14,0,0
BRDA:134,14,1,3
BRDA:134,15,0,3
BRDA:134,15,1,0
BRDA:134,15,2,0
BRDA:170,16,0,1
BRDA:170,16,1,1
BRDA:177,17,0,1
BRDA:177,17,1,0
BRDA:184,18,0,0
BRDA:184,18,1,0
BRDA:229,19,0,0
BRDA:229,19,1,0
BRDA:236,20,0,0
BRDA:236,20,1,0
BRDA:243,21,0,0
BRDA:243,21,1,0
BRDA:288,22,0,1
BRDA:288,22,1,1
BRDA:295,23,0,1
BRDA:295,23,1,0
BRDA:302,24,0,0
BRDA:302,24,1,0
BRDA:302,25,0,0
BRDA:302,25,1,0
BRDA:347,26,0,0
BRDA:347,26,1,0
BRDA:354,27,0,0
BRDA:354,27,1,0
BRDA:361,28,0,0
BRDA:361,28,1,0
BRDA:388,29,0,0
BRDA:389,30,0,0
BRDA:396,31,0,0
BRDA:396,31,1,0
BRDA:396,32,0,0
BRDA:396,32,1,0
BRDA:396,32,2,0
BRDA:404,33,0,0
BRDA:404,33,1,0
BRDA:405,34,0,0
BRDA:405,34,1,0
BRDA:501,35,0,1
BRDA:501,35,1,1
BRDA:542,36,0,1
BRDA:542,36,1,3
BRDA:555,37,0,1
BRDA:555,37,1,2
BRDA:562,38,0,1
BRDA:562,38,1,1
BRDA:579,39,0,0
BRDA:579,39,1,1
BRDA:627,40,0,0
BRDA:627,40,1,2
BRDA:640,41,0,0
BRDA:640,41,1,2
BRDA:647,42,0,0
BRDA:647,42,1,2
BRDA:664,43,0,0
BRDA:664,43,1,2
BRDA:671,44,0,1
BRDA:671,44,1,1
BRDA:718,45,0,1
BRDA:718,45,1,5
BRDA:718,46,0,6
BRDA:718,46,1,6
BRDA:745,47,0,1
BRDA:745,47,1,1
BRDA:769,48,0,2
BRDA:769,48,1,3
BRDA:769,49,0,5
BRDA:769,49,1,4
BRDA:769,49,2,4
BRDA:801,50,0,1
BRDA:801,50,1,1
BRDA:808,51,0,1
BRDA:808,51,1,0
BRDA:815,52,0,0
BRDA:815,52,1,0
BRDA:841,53,0,3
BRDA:842,54,0,3
BRDA:849,55,0,2
BRDA:849,55,1,5
BRDA:849,56,0,7
BRDA:849,56,1,5
BRDA:849,56,2,5
BRDA:857,57,0,2
BRDA:857,57,1,3
BRDA:858,58,0,2
BRDA:858,58,1,3
BRDA:861,59,0,1
BRDA:861,59,1,4
BRDA:861,60,0,5
BRDA:861,60,1,2
BRDA:861,60,2,2
BRDA:909,61,0,1
BRDA:911,62,0,2
BRDA:911,62,1,2
BRDA:911,63,0,4
BRDA:911,63,1,3
BRF:127
BRH:81
end_of_record
TN:
SF:admin_app\controller\notificationController.js
FN:6,(anonymous_0)
FN:21,(anonymous_1)
FN:32,(anonymous_2)
FN:49,(anonymous_3)
FN:76,(anonymous_4)
FN:93,(anonymous_5)
FN:130,(anonymous_6)
FN:180,(anonymous_7)
FN:220,(anonymous_8)
FN:245,(anonymous_9)
FNF:10
FNH:10
FNDA:5,(anonymous_0)
FNDA:3,(anonymous_1)
FNDA:2,(anonymous_2)
FNDA:5,(anonymous_3)
FNDA:5,(anonymous_4)
FNDA:2,(anonymous_5)
FNDA:3,(anonymous_6)
FNDA:1,(anonymous_7)
FNDA:1,(anonymous_8)
FNDA:2,(anonymous_9)
DA:1,1
DA:2,1
DA:4,1
DA:7,5
DA:8,5
DA:10,5
DA:12,5
DA:14,1
DA:21,3
DA:22,4
DA:24,3
DA:32,2
DA:34,1
DA:40,3
DA:41,1
DA:48,2
DA:50,5
DA:70,2
DA:71,2
DA:76,5
DA:83,1
DA:84,1
DA:94,2
DA:95,2
DA:112,2
DA:113,2
DA:120,0
DA:121,0
DA:131,3
DA:132,3
DA:134,3
DA:137,3
DA:138,1
DA:142,3
DA:143,1
DA:146,3
DA:162,3
DA:163,3
DA:170,0
DA:171,0
DA:181,1
DA:182,1
DA:183,1
DA:185,1
DA:203,1
DA:204,1
DA:210,0
DA:211,0
DA:221,1
DA:222,1
DA:224,1
DA:229,1
DA:230,1
DA:235,0
DA:236,0
DA:246,2
DA:247,2
DA:249,2
DA:262,2
DA:263,1
DA:269,1
DA:270,1
DA:276,0
DA:277,0
LF:64
LH:54
BRDA:12,0,0,1
BRDA:12,0,1,4
BRDA:22,1,0,3
BRDA:22,1,1,1
BRDA:22,2,0,4
BRDA:22,2,1,3
BRDA:40,3,0,1
BRDA:40,3,1,2
BRDA:137,4,0,1
BRDA:137,4,1,2
BRDA:142,5,0,1
BRDA:142,5,1,2
BRDA:262,6,0,1
BRDA:262,6,1,1
BRF:14
BRH:14
end_of_record
TN:
SF:admin_app\controller\screenshotController.js
FN:7,(anonymous_0)
FN:72,(anonymous_1)
FN:145,(anonymous_2)
FNF:3
FNH:3
FNDA:5,(anonymous_0)
FNDA:4,(anonymous_1)
FNDA:4,(anonymous_2)
DA:1,1
DA:2,1
DA:3,1
DA:5,1
DA:8,5
DA:9,5
DA:11,5
DA:12,1
DA:19,4
DA:23,4
DA:24,1
DA:31,3
DA:41,2
DA:49,1
DA:51,1
DA:62,2
DA:63,2
DA:73,4
DA:74,4
DA:75,4
DA:77,4
DA:80,4
DA:84,4
DA:85,1
DA:92,3
DA:110,3
DA:117,3
DA:119,3
DA:135,0
DA:136,0
DA:146,4
DA:147,4
DA:149,4
DA:153,4
DA:154,1
DA:161,3
DA:164,2
DA:169,1
DA:171,1
DA:177,2
DA:178,2
LF:41
LH:39
BRDA:11,0,0,1
BRDA:11,0,1,4
BRDA:23,1,0,1
BRDA:23,1,1,3
BRDA:75,2,0,2
BRDA:75,3,0,2
BRDA:84,4,0,1
BRDA:84,4,1,3
BRDA:153,5,0,1
BRDA:153,5,1,3
BRF:10
BRH:10
end_of_record
TN:
SF:admin_app\controller\taskController.js
FN:6,(anonymous_0)
FN:49,(anonymous_1)
FN:89,(anonymous_2)
FN:146,(anonymous_3)
FN:192,(anonymous_4)
FN:257,(anonymous_5)
FN:308,(anonymous_6)
FN:352,(anonymous_7)
FN:393,(anonymous_8)
FN:471,(anonymous_9)
FNF:10
FNH:8
FNDA:3,(anonymous_0)
FNDA:2,(anonymous_1)
FNDA:3,(anonymous_2)
FNDA:2,(anonymous_3)
FNDA:2,(anonymous_4)
FNDA:0,(anonymous_5)
FNDA:2,(anonymous_6)
FNDA:0,(anonymous_7)
FNDA:3,(anonymous_8)
FNDA:4,(anonymous_9)
DA:1,1
DA:2,1
DA:4,1
DA:7,3
DA:13,3
DA:16,3
DA:17,1
DA:25,2
DA:34,2
DA:35,1
DA:43,1
DA:49,2
DA:64,1
DA:65,1
DA:79,0
DA:80,0
DA:90,3
DA:91,3
DA:93,3
DA:98,3
DA:99,1
DA:103,3
DA:104,1
DA:111,3
DA:128,3
DA:129,3
DA:136,0
DA:137,0
DA:147,2
DA:148,2
DA:151,2
DA:165,2
DA:166,1
DA:172,1
DA:176,1
DA:182,0
DA:183,0
DA:193,2
DA:194,2
DA:195,2
DA:198,2
DA:202,2
DA:203,1
DA:210,1
DA:211,1
DA:212,1
DA:213,1
DA:214,1
DA:217,1
DA:233,1
DA:235,0
DA:243,0
DA:244,0
DA:252,0
DA:257,0
DA:263,0
DA:277,0
DA:281,0
DA:287,1
DA:291,1
DA:298,0
DA:299,0
DA:309,2
DA:310,2
DA:312,2
DA:316,2
DA:317,1
DA:328,1
DA:332,1
DA:336,1
DA:342,0
DA:343,0
DA:353,0
DA:354,0
DA:356,0
DA:360,0
DA:361,0
DA:368,0
DA:373,0
DA:377,0
DA:383,0
DA:384,0
DA:394,3
DA:395,3
DA:396,3
DA:399,3
DA:408,3
DA:409,1
DA:415,2
DA:425,2
DA:426,1
DA:429,2
DA:446,2
DA:450,2
DA:458,0
DA:462,0
DA:472,4
DA:473,4
DA:474,4
DA:476,4
DA:477,1
DA:483,3
DA:484,3
DA:485,1
DA:492,2
DA:505,2
DA:506,1
DA:512,1
DA:527,1
DA:531,1
DA:537,0
DA:538,0
LF:112
LH:80
BRDA:16,0,0,1
BRDA:16,0,1,2
BRDA:16,1,0,3
BRDA:16,1,1,3
BRDA:16,1,2,2
BRDA:16,1,3,2
BRDA:34,2,0,1
BRDA:34,2,1,1
BRDA:98,3,0,1
BRDA:98,3,1,2
BRDA:103,4,0,1
BRDA:103,4,1,2
BRDA:165,5,0,1
BRDA:165,5,1,1
BRDA:202,6,0,1
BRDA:202,6,1,1
BRDA:211,7,0,1
BRDA:211,7,1,0
BRDA:212,8,0,1
BRDA:212,8,1,0
BRDA:213,9,0,1
BRDA:213,9,1,0
BRDA:214,10,0,1
BRDA:214,10,1,0
BRDA:233,11,0,0
BRDA:233,11,1,1
BRDA:243,12,0,0
BRDA:243,12,1,0
BRDA:316,13,0,1
BRDA:316,13,1,1
BRDA:360,14,0,0
BRDA:360,14,1,0
BRDA:408,15,0,1
BRDA:408,15,1,2
BRDA:425,16,0,1
BRDA:425,16,1,1
BRDA:476,17,0,1
BRDA:476,17,1,3
BRDA:484,18,0,1
BRDA:484,18,1,2
BRDA:505,19,0,1
BRDA:505,19,1,1
BRF:42
BRH:33
end_of_record
TN:
SF:admin_app\routes\adminRoute.js
FN:10,(anonymous_0)
FN:21,(anonymous_1)
FN:32,(anonymous_2)
FNF:3
FNH:0
FNDA:0,(anonymous_0)
FNDA:0,(anonymous_1)
FNDA:0,(anonymous_2)
DA:1,0
DA:2,0
DA:3,0
DA:4,0
DA:5,0
DA:7,0
DA:10,0
DA:11,0
DA:12,0
DA:13,0
DA:18,0
DA:21,0
DA:22,0
DA:23,0
DA:24,0
DA:29,0
DA:32,0
DA:33,0
DA:34,0
DA:35,0
DA:40,0
DA:44,0
DA:45,0
DA:48,0
DA:49,0
DA:50,0
DA:51,0
DA:53,0
LF:28
LH:0
BRDA:12,0,0,0
BRDA:12,0,1,0
BRDA:23,1,0,0
BRDA:23,1,1,0
BRDA:34,2,0,0
BRDA:34,2,1,0
BRF:6
BRH:0
end_of_record
TN:
SF:admin_app\routes\adminTimeSheetRoute.js
FNF:0
FNH:0
DA:1,0
DA:2,0
DA:3,0
DA:4,0
DA:6,0
DA:9,0
DA:10,0
DA:11,0
DA:14,0
DA:15,0
DA:17,0
LF:11
LH:0
BRF:0
BRH:0
end_of_record
TN:
SF:admin_app\routes\agentIdleTimeRoute.js
FNF:0
FNH:0
DA:1,0
DA:2,0
DA:4,0
DA:7,0
DA:8,0
DA:9,0
DA:11,0
LF:7
LH:0
BRF:0
BRH:0
end_of_record
TN:
SF:admin_app\routes\agentWorkingAppsRoute.js
FNF:0
FNH:0
DA:1,0
DA:2,0
DA:4,0
DA:7,0
DA:8,0
DA:9,0
DA:11,0
LF:7
LH:0
BRF:0
BRH:0
end_of_record
TN:
SF:admin_app\routes\benchRoute.js
FNF:0
FNH:0
DA:1,0
DA:3,0
DA:4,0
DA:5,0
DA:7,0
DA:9,0
DA:10,0
DA:12,0
LF:8
LH:0
BRF:0
BRH:0
end_of_record
TN:
SF:admin_app\routes\meetingRoute.js
FN:20,(anonymous_0)
FNF:1
FNH:1
FNDA:45,(anonymous_0)
DA:1,3
DA:2,3
DA:3,3
DA:4,3
DA:9,3
DA:17,3
DA:20,3
DA:21,45
DA:22,1
DA:27,44
DA:31,3
DA:37,3
DA:53,3
DA:64,3
DA:70,3
DA:84,3
DA:90,3
DA:96,3
DA:102,3
DA:110,3
DA:118,3
DA:127,3
DA:135,3
DA:137,3
LF:24
LH:24
BRDA:21,0,0,1
BRDA:21,0,1,44
BRDA:21,1,0,45
BRDA:21,1,1,45
BRF:4
BRH:4
end_of_record
TN:
SF:admin_app\routes\notificationRoute.js
FNF:0
FNH:0
DA:1,0
DA:3,0
DA:4,0
DA:5,0
DA:6,0
DA:8,0
DA:10,0
DA:11,0
DA:12,0
DA:13,0
DA:15,0
LF:11
LH:0
BRF:0
BRH:0
end_of_record
TN:
SF:admin_app\routes\screenshotRoute.js
FN:11,(anonymous_0)
FN:19,(anonymous_1)
FN:30,(anonymous_2)
FNF:3
FNH:0
FNDA:0,(anonymous_0)
FNDA:0,(anonymous_1)
FNDA:0,(anonymous_2)
DA:1,0
DA:2,0
DA:3,0
DA:4,0
DA:5,0
DA:7,0
DA:10,0
DA:12,0
DA:14,0
DA:15,0
DA:17,0
DA:20,0
DA:21,0
DA:25,0
DA:32,0
DA:33,0
DA:35,0
DA:41,0
DA:42,0
DA:43,0
DA:45,0
LF:21
LH:0
BRDA:14,0,0,0
BRDA:14,0,1,0
BRDA:32,1,0,0
BRDA:32,1,1,0
BRF:4
BRH:0
end_of_record
TN:
SF:admin_app\routes\taskRoute.js
FN:10,(anonymous_0)
FN:21,(anonymous_1)
FN:32,(anonymous_2)
FNF:3
FNH:0
FNDA:0,(anonymous_0)
FNDA:0,(anonymous_1)
FNDA:0,(anonymous_2)
DA:1,0
DA:2,0
DA:3,0
DA:4,0
DA:5,0
DA:7,0
DA:10,0
DA:11,0
DA:12,0
DA:13,0
DA:18,0
DA:21,0
DA:22,0
DA:23,0
DA:24,0
DA:29,0
DA:32,0
DA:33,0
DA:34,0
DA:35,0
DA:40,0
DA:44,0
DA:45,0
DA:48,0
DA:49,0
DA:50,0
DA:51,0
DA:52,0
DA:53,0
DA:56,0
DA:58,0
LF:31
LH:0
BRDA:12,0,0,0
BRDA:12,0,1,0
BRDA:23,1,0,0
BRDA:23,1,1,0
BRDA:34,2,0,0
BRDA:34,2,1,0
BRF:6
BRH:0
end_of_record
TN:
SF:authValidations\employee\empValidationSchema.js
FNF:0
FNH:0
DA:1,0
DA:2,0
DA:3,0
DA:5,0
DA:108,0
LF:5
LH:0
BRF:0
BRH:0
end_of_record
TN:
SF:authValidations\employee\empValidator.js
FNF:0
FNH:0
DA:1,0
DA:4,0
DA:74,0
DA:144,0
DA:161,0
DA:178,0
DA:202,0
DA:223,0
DA:234,0
DA:274,0
DA:317,0
DA:327,0
LF:12
LH:0
BRF:0
BRH:0
end_of_record
TN:
SF:authValidations\notification\notificationVal.js
FN:35,(anonymous_0)
FNF:1
FNH:0
FNDA:0,(anonymous_0)
DA:1,0
DA:3,0
DA:37,0
DA:38,0
DA:42,0
DA:46,0
LF:6
LH:0
BRDA:37,0,0,0
BRDA:37,0,1,0
BRDA:37,1,0,0
BRDA:37,1,1,0
BRDA:37,1,2,0
BRF:5
BRH:0
end_of_record
TN:
SF:authValidations\notification\notificationValidator.js
FN:4,(anonymous_0)
FNF:1
FNH:0
FNDA:0,(anonymous_0)
DA:1,0
DA:3,0
DA:5,0
DA:6,0
DA:7,0
DA:8,0
DA:13,0
DA:16,0
LF:8
LH:0
BRDA:7,0,0,0
BRDA:7,0,1,0
BRF:2
BRH:0
end_of_record
TN:
SF:config\cloudinaryConfig.js
FNF:0
FNH:0
DA:1,0
DA:4,0
DA:10,0
LF:3
LH:0
BRF:0
BRH:0
end_of_record
TN:
SF:config\prismaConfig.js
FN:9,connectDatabase
FN:22,(anonymous_1)
FNF:2
FNH:0
FNDA:0,connectDatabase
FNDA:0,(anonymous_1)
DA:1,6
DA:2,6
DA:4,6
DA:10,0
DA:11,0
DA:12,0
DA:13,0
DA:15,0
DA:16,0
DA:17,0
DA:22,6
DA:23,0
DA:26,6
LF:13
LH:5
BRF:0
BRH:0
end_of_record
TN:
SF:employee_app\controller\empController.js
FN:9,(anonymous_0)
FN:65,(anonymous_1)
FN:104,(anonymous_2)
FN:143,(anonymous_3)
FN:196,(anonymous_4)
FNF:5
FNH:2
FNDA:4,(anonymous_0)
FNDA:2,(anonymous_1)
FNDA:0,(anonymous_2)
FNDA:0,(anonymous_3)
FNDA:0,(anonymous_4)
DA:1,1
DA:2,1
DA:3,1
DA:4,1
DA:5,1
DA:7,1
DA:10,4
DA:11,4
DA:14,4
DA:18,3
DA:19,1
DA:20,1
DA:27,2
DA:28,2
DA:29,1
DA:30,1
DA:37,1
DA:49,1
DA:50,1
DA:56,1
DA:57,1
DA:66,2
DA:67,2
DA:68,2
DA:70,2
DA:88,1
DA:89,1
DA:95,1
DA:96,1
DA:105,0
DA:106,0
DA:107,0
DA:109,0
DA:110,0
DA:117,0
DA:118,0
DA:120,0
DA:128,0
DA:129,0
DA:134,0
DA:135,0
DA:144,0
DA:145,0
DA:147,0
DA:151,0
DA:152,0
DA:159,0
DA:160,0
DA:161,0
DA:164,0
DA:173,0
DA:179,0
DA:181,0
DA:182,0
DA:187,0
DA:188,0
DA:197,0
DA:198,0
DA:200,0
DA:210,0
DA:216,0
DA:217,0
LF:62
LH:29
BRDA:18,0,0,1
BRDA:18,0,1,2
BRDA:28,1,0,1
BRDA:28,1,1,1
BRDA:74,2,0,2
BRDA:74,2,1,0
BRDA:109,3,0,0
BRDA:109,3,1,0
BRDA:151,4,0,0
BRDA:151,4,1,0
BRF:10
BRH:5
end_of_record
TN:
SF:employee_app\controller\empLeaveController.js
FN:7,(anonymous_0)
FN:85,(anonymous_1)
FN:125,(anonymous_2)
FN:154,(anonymous_3)
FN:174,(anonymous_4)
FN:216,(anonymous_5)
FNF:6
FNH:0
FNDA:0,(anonymous_0)
FNDA:0,(anonymous_1)
FNDA:0,(anonymous_2)
FNDA:0,(anonymous_3)
FNDA:0,(anonymous_4)
FNDA:0,(anonymous_5)
DA:1,0
DA:2,0
DA:3,0
DA:5,0
DA:8,0
DA:15,0
DA:18,0
DA:19,0
DA:21,0
DA:22,0
DA:28,0
DA:29,0
DA:36,0
DA:39,0
DA:60,0
DA:61,0
DA:75,0
DA:76,0
DA:86,0
DA:87,0
DA:88,0
DA:90,0
DA:96,0
DA:97,0
DA:104,0
DA:105,0
DA:108,0
DA:125,0
DA:126,0
DA:127,0
DA:128,0
DA:130,0
DA:136,0
DA:137,0
DA:144,0
DA:145,0
DA:155,0
DA:156,0
DA:159,0
DA:168,0
DA:174,0
DA:175,0
DA:176,0
DA:177,0
DA:178,0
DA:182,0
DA:189,0
DA:195,0
DA:196,0
DA:206,0
DA:207,0
DA:217,0
DA:218,0
DA:219,0
DA:221,0
DA:229,0
DA:230,0
DA:236,0
DA:237,0
DA:244,0
DA:249,0
DA:250,0
DA:255,0
DA:256,0
LF:64
LH:0
BRDA:21,0,0,0
BRDA:21,0,1,0
BRDA:28,1,0,0
BRDA:28,1,1,0
BRDA:45,2,0,0
BRDA:45,2,1,0
BRDA:96,3,0,0
BRDA:96,3,1,0
BRDA:96,4,0,0
BRDA:96,4,1,0
BRDA:104,5,0,0
BRDA:104,5,1,0
BRDA:229,6,0,0
BRDA:229,6,1,0
BRDA:236,7,0,0
BRDA:236,7,1,0
BRF:16
BRH:0
end_of_record
TN:
SF:employee_app\controller\empMeetingController.js
FN:18,(anonymous_0)
FN:76,(anonymous_1)
FN:97,(anonymous_2)
FN:106,(anonymous_3)
FN:148,(anonymous_4)
FN:248,(anonymous_5)
FN:264,(anonymous_6)
FN:328,(anonymous_7)
FN:345,(anonymous_8)
FN:358,(anonymous_9)
FN:427,(anonymous_10)
FNF:11
FNH:11
FNDA:4,(anonymous_0)
FNDA:4,(anonymous_1)
FNDA:1,(anonymous_2)
FNDA:1,(anonymous_3)
FNDA:4,(anonymous_4)
FNDA:3,(anonymous_5)
FNDA:1,(anonymous_6)
FNDA:5,(anonymous_7)
FNDA:2,(anonymous_8)
FNDA:2,(anonymous_9)
FNDA:7,(anonymous_10)
DA:1,2
DA:2,2
DA:3,2
DA:4,2
DA:5,2
DA:6,2
DA:19,4
DA:25,4
DA:28,4
DA:29,4
DA:31,4
DA:32,1
DA:38,3
DA:46,3
DA:53,3
DA:59,0
DA:64,0
DA:77,4
DA:78,4
DA:80,4
DA:82,4
DA:83,1
DA:90,3
DA:96,3
DA:97,1
DA:101,3
DA:102,3
DA:103,1
DA:104,2
DA:105,1
DA:106,1
DA:108,1
DA:111,3
DA:118,3
DA:130,0
DA:136,0
DA:149,4
DA:150,4
DA:151,4
DA:154,4
DA:156,4
DA:157,1
DA:164,3
DA:170,3
DA:171,1
DA:178,2
DA:185,2
DA:186,2
DA:187,0
DA:191,2
DA:197,2
DA:204,2
DA:216,0
DA:222,0
DA:223,0
DA:229,0
DA:230,0
DA:236,0
DA:249,3
DA:250,3
DA:253,3
DA:255,3
DA:256,1
DA:263,2
DA:264,1
DA:267,2
DA:268,1
DA:275,1
DA:280,1
DA:287,1
DA:296,0
DA:302,0
DA:303,0
DA:309,0
DA:310,0
DA:316,0
DA:329,5
DA:330,5
DA:333,5
DA:335,5
DA:336,1
DA:343,4
DA:344,4
DA:345,2
DA:348,4
DA:349,1
DA:356,3
DA:357,2
DA:358,2
DA:360,2
DA:361,1
DA:369,2
DA:372,2
DA:378,2
DA:385,2
DA:395,0
DA:401,0
DA:402,0
DA:408,0
DA:409,0
DA:415,0
DA:428,7
DA:429,7
DA:432,7
DA:433,7
DA:434,3
DA:440,4
DA:445,3
DA:451,3
DA:461,1
DA:466,1
DA:475,2
LF:112
LH:89
BRDA:23,0,0,2
BRDA:24,1,0,2
BRDA:31,2,0,1
BRDA:31,2,1,3
BRDA:31,3,0,4
BRDA:31,3,1,3
BRDA:31,3,2,3
BRDA:82,4,0,1
BRDA:82,4,1,3
BRDA:102,5,0,1
BRDA:102,5,1,2
BRDA:104,6,0,1
BRDA:104,6,1,1
BRDA:156,7,0,1
BRDA:156,7,1,3
BRDA:170,8,0,1
BRDA:170,8,1,2
BRDA:186,9,0,0
BRDA:186,9,1,2
BRDA:222,10,0,0
BRDA:222,10,1,0
BRDA:229,11,0,0
BRDA:229,11,1,0
BRDA:255,12,0,1
BRDA:255,12,1,2
BRDA:267,13,0,1
BRDA:267,13,1,1
BRDA:302,14,0,0
BRDA:302,14,1,0
BRDA:309,15,0,0
BRDA:309,15,1,0
BRDA:335,16,0,1
BRDA:335,16,1,4
BRDA:348,17,0,1
BRDA:348,17,1,3
BRDA:348,18,0,4
BRDA:348,18,1,3
BRDA:356,19,0,2
BRDA:356,19,1,1
BRDA:356,20,0,3
BRDA:356,20,1,2
BRDA:360,21,0,1
BRDA:360,21,1,1
BRDA:369,22,0,1
BRDA:369,22,1,1
BRDA:401,23,0,0
BRDA:401,23,1,0
BRDA:408,24,0,0
BRDA:408,24,1,0
BRDA:429,25,0,1
BRDA:433,26,0,3
BRDA:433,26,1,4
BRDA:433,27,0,7
BRDA:433,27,1,6
BRDA:433,27,2,5
BRF:55
BRH:42
end_of_record
TN:
SF:employee_app\controller\empMeetingRecordingController.js
FN:48,(anonymous_0)
FN:94,(anonymous_1)
FN:200,(anonymous_2)
FN:223,(anonymous_3)
FN:270,(anonymous_4)
FN:312,(anonymous_5)
FN:354,(anonymous_6)
FN:412,(anonymous_7)
FN:434,(anonymous_8)
FN:458,(anonymous_9)
FN:464,(anonymous_10)
FN:465,(anonymous_11)
FNF:12
FNH:12
FNDA:12,(anonymous_0)
FNDA:4,(anonymous_1)
FNDA:7,(anonymous_2)
FNDA:4,(anonymous_3)
FNDA:3,(anonymous_4)
FNDA:8,(anonymous_5)
FNDA:6,(anonymous_6)
FNDA:5,(anonymous_7)
FNDA:2,(anonymous_8)
FNDA:1,(anonymous_9)
FNDA:1,(anonymous_10)
FNDA:1,(anonymous_11)
DA:1,2
DA:2,2
DA:3,2
DA:49,12
DA:50,12
DA:51,12
DA:52,12
DA:55,12
DA:56,2
DA:62,10
DA:63,2
DA:70,8
DA:79,8
DA:80,2
DA:86,6
DA:87,0
DA:94,6
DA:95,6
DA:96,2
DA:103,4
DA:104,4
DA:106,4
DA:107,1
DA:113,3
DA:114,1
DA:121,2
DA:124,2
DA:131,2
DA:134,2
DA:156,2
DA:165,2
DA:182,0
DA:188,0
DA:201,7
DA:202,7
DA:203,7
DA:204,7
DA:207,5
DA:216,5
DA:217,1
DA:223,4
DA:224,4
DA:225,0
DA:232,4
DA:234,4
DA:255,4
DA:256,4
DA:257,4
DA:259,4
DA:267,4
DA:270,3
DA:294,2
DA:300,2
DA:313,8
DA:314,8
DA:315,8
DA:318,8
DA:337,8
DA:338,2
DA:344,6
DA:345,0
DA:352,6
DA:353,6
DA:354,6
DA:356,6
DA:357,2
DA:364,4
DA:365,4
DA:366,4
DA:368,0
DA:376,4
DA:380,4
DA:387,4
DA:393,0
DA:400,0
DA:413,5
DA:414,5
DA:415,5
DA:418,5
DA:427,5
DA:428,2
DA:434,3
DA:435,3
DA:436,2
DA:443,1
DA:450,1
DA:458,1
DA:459,1
DA:464,1
DA:465,1
DA:466,1
DA:477,1
DA:484,1
DA:494,0
DA:500,0
DA:509,2
LF:96
LH:86
BRDA:55,0,0,2
BRDA:55,0,1,10
BRDA:62,1,0,2
BRDA:62,1,1,8
BRDA:62,2,0,10
BRDA:62,2,1,8
BRDA:79,3,0,2
BRDA:79,3,1,6
BRDA:86,4,0,0
BRDA:86,4,1,6
BRDA:95,5,0,2
BRDA:95,5,1,4
BRDA:106,6,0,1
BRDA:106,6,1,3
BRDA:106,7,0,4
BRDA:106,7,1,3
BRDA:113,8,0,1
BRDA:113,8,1,2
BRDA:191,9,0,0
BRDA:191,9,1,0
BRDA:204,10,0,2
BRDA:204,11,0,2
BRDA:216,12,0,1
BRDA:216,12,1,4
BRDA:224,13,0,0
BRDA:224,13,1,4
BRDA:303,14,0,0
BRDA:303,14,1,2
BRDA:337,15,0,2
BRDA:337,15,1,6
BRDA:344,16,0,0
BRDA:344,16,1,6
BRDA:356,17,0,2
BRDA:356,17,1,4
BRDA:356,18,0,6
BRDA:356,18,1,4
BRDA:384,19,0,2
BRDA:384,19,1,2
BRDA:403,20,0,0
BRDA:403,20,1,0
BRDA:427,21,0,2
BRDA:427,21,1,3
BRDA:435,22,0,2
BRDA:435,22,1,1
BRDA:467,23,0,1
BRDA:467,23,1,0
BRDA:473,24,0,1
BRDA:473,24,1,0
BRDA:488,25,0,1
BRDA:488,25,1,0
BRDA:503,26,0,0
BRDA:503,26,1,0
BRF:52
BRH:39
end_of_record
TN:
SF:employee_app\controller\empTaskController.js
FN:6,(anonymous_0)
FN:83,(anonymous_1)
FN:136,(anonymous_2)
FN:210,(anonymous_3)
FN:251,(anonymous_4)
FN:252,(anonymous_5)
FN:253,(anonymous_6)
FN:254,(anonymous_7)
FN:258,(anonymous_8)
FNF:9
FNH:0
FNDA:0,(anonymous_0)
FNDA:0,(anonymous_1)
FNDA:0,(anonymous_2)
FNDA:0,(anonymous_3)
FNDA:0,(anonymous_4)
FNDA:0,(anonymous_5)
FNDA:0,(anonymous_6)
FNDA:0,(anonymous_7)
FNDA:0,(anonymous_8)
DA:1,0
DA:2,0
DA:4,0
DA:7,0
DA:8,0
DA:9,0
DA:12,0
DA:21,0
DA:22,0
DA:28,0
DA:38,0
DA:39,0
DA:42,0
DA:59,0
DA:60,0
DA:73,0
DA:74,0
DA:84,0
DA:85,0
DA:86,0
DA:89,0
DA:112,0
DA:113,0
DA:119,0
DA:120,0
DA:126,0
DA:127,0
DA:137,0
DA:138,0
DA:139,0
DA:140,0
DA:142,0
DA:143,0
DA:149,0
DA:150,0
DA:151,0
DA:158,0
DA:171,0
DA:172,0
DA:178,0
DA:193,0
DA:194,0
DA:200,0
DA:201,0
DA:211,0
DA:212,0
DA:215,0
DA:224,0
DA:225,0
DA:232,0
DA:249,0
DA:251,0
DA:252,0
DA:253,0
DA:255,0
DA:259,0
DA:260,0
DA:261,0
DA:265,0
DA:266,0
DA:277,0
DA:278,0
LF:62
LH:0
BRDA:21,0,0,0
BRDA:21,0,1,0
BRDA:38,1,0,0
BRDA:38,1,1,0
BRDA:112,2,0,0
BRDA:112,2,1,0
BRDA:142,3,0,0
BRDA:142,3,1,0
BRDA:150,4,0,0
BRDA:150,4,1,0
BRDA:171,5,0,0
BRDA:171,5,1,0
BRDA:224,6,0,0
BRDA:224,6,1,0
BRDA:255,7,0,0
BRDA:255,7,1,0
BRDA:261,8,0,0
BRDA:261,8,1,0
BRF:18
BRH:0
end_of_record
TN:
SF:employee_app\controller\empTimeSheetController.js
FN:7,(anonymous_0)
FN:70,(anonymous_1)
FN:135,(anonymous_2)
FN:179,(anonymous_3)
FN:240,(anonymous_4)
FNF:5
FNH:0
FNDA:0,(anonymous_0)
FNDA:0,(anonymous_1)
FNDA:0,(anonymous_2)
FNDA:0,(anonymous_3)
FNDA:0,(anonymous_4)
DA:1,0
DA:2,0
DA:3,0
DA:5,0
DA:8,0
DA:9,0
DA:10,0
DA:11,0
DA:14,0
DA:25,0
DA:26,0
DA:34,0
DA:35,0
DA:43,0
DA:53,0
DA:54,0
DA:60,0
DA:61,0
DA:71,0
DA:72,0
DA:73,0
DA:74,0
DA:77,0
DA:88,0
DA:89,0
DA:95,0
DA:96,0
DA:103,0
DA:104,0
DA:105,0
DA:108,0
DA:117,0
DA:118,0
DA:125,0
DA:126,0
DA:136,0
DA:137,0
DA:138,0
DA:140,0
DA:144,0
DA:145,0
DA:151,0
DA:152,0
DA:158,0
DA:163,0
DA:164,0
DA:170,0
DA:171,0
DA:180,0
DA:181,0
DA:182,0
DA:184,0
DA:188,0
DA:189,0
DA:195,0
DA:196,0
DA:202,0
DA:203,0
DA:210,0
DA:211,0
DA:212,0
DA:214,0
DA:222,0
DA:223,0
DA:230,0
DA:231,0
DA:241,0
DA:242,0
DA:243,0
DA:245,0
DA:256,0
DA:257,0
DA:270,0
DA:272,0
DA:284,0
DA:285,0
LF:76
LH:0
BRDA:25,0,0,0
BRDA:25,0,1,0
BRDA:25,1,0,0
BRDA:25,1,1,0
BRDA:34,2,0,0
BRDA:34,2,1,0
BRDA:88,3,0,0
BRDA:88,3,1,0
BRDA:88,4,0,0
BRDA:88,4,1,0
BRDA:95,5,0,0
BRDA:95,5,1,0
BRDA:144,6,0,0
BRDA:144,6,1,0
BRDA:151,7,0,0
BRDA:151,7,1,0
BRDA:151,8,0,0
BRDA:151,8,1,0
BRDA:188,9,0,0
BRDA:188,9,1,0
BRDA:195,10,0,0
BRDA:195,10,1,0
BRDA:202,11,0,0
BRDA:202,11,1,0
BRDA:256,12,0,0
BRDA:256,12,1,0
BRDA:270,13,0,0
BRDA:270,13,1,0
BRDA:280,14,0,0
BRDA:280,14,1,0
BRF:30
BRH:0
end_of_record
TN:
SF:employee_app\routes\empLeaveRoute.js
FNF:0
FNH:0
DA:1,0
DA:3,0
DA:4,0
DA:5,0
DA:7,0
DA:9,0
DA:11,0
LF:7
LH:0
BRF:0
BRH:0
end_of_record
TN:
SF:employee_app\routes\empMeetingRecordingRoute.js
FN:10,(anonymous_0)
FN:27,(anonymous_1)
FN:37,(anonymous_2)
FN:45,(anonymous_3)
FN:96,(anonymous_4)
FNF:5
FNH:5
FNDA:18,(anonymous_0)
FNDA:5,(anonymous_1)
FNDA:5,(anonymous_2)
FNDA:6,(anonymous_3)
FNDA:2,(anonymous_4)
DA:1,1
DA:2,1
DA:3,1
DA:4,1
DA:5,1
DA:6,1
DA:7,1
DA:10,1
DA:11,18
DA:12,17
DA:14,1
DA:22,1
DA:23,1
DA:26,1
DA:28,5
DA:31,5
DA:32,0
DA:35,5
DA:38,5
DA:39,5
DA:40,5
DA:41,5
DA:45,1
DA:47,6
DA:58,6
DA:59,5
DA:61,1
DA:65,1
DA:84,1
DA:87,1
DA:90,1
DA:93,1
DA:96,1
DA:97,2
DA:98,1
DA:99,1
DA:104,0
DA:105,0
DA:110,0
DA:116,1
DA:117,1
DA:123,0
DA:126,1
LF:43
LH:38
BRDA:11,0,0,17
BRDA:11,0,1,1
BRDA:11,1,0,18
BRDA:11,1,1,18
BRDA:31,2,0,0
BRDA:31,2,1,5
BRDA:58,3,0,5
BRDA:58,3,1,1
BRDA:97,4,0,1
BRDA:97,4,1,1
BRDA:98,5,0,1
BRDA:98,5,1,0
BRDA:104,6,0,0
BRDA:104,6,1,0
BRDA:116,7,0,1
BRDA:116,7,1,0
BRF:16
BRH:11
end_of_record
TN:
SF:employee_app\routes\empMeetingRoute.js
FN:20,(anonymous_0)
FNF:1
FNH:1
FNDA:28,(anonymous_0)
DA:1,2
DA:2,2
DA:3,2
DA:4,2
DA:9,2
DA:17,2
DA:20,2
DA:21,28
DA:22,1
DA:27,27
DA:31,2
DA:42,2
DA:50,2
DA:57,2
DA:67,2
DA:74,2
DA:82,2
DA:84,2
LF:18
LH:18
BRDA:21,0,0,1
BRDA:21,0,1,27
BRDA:21,1,0,28
BRDA:21,1,1,28
BRF:4
BRH:4
end_of_record
TN:
SF:employee_app\routes\empTaskRoute.js
FN:10,(anonymous_0)
FNF:1
FNH:0
FNDA:0,(anonymous_0)
DA:1,0
DA:2,0
DA:3,0
DA:4,0
DA:5,0
DA:7,0
DA:10,0
DA:11,0
DA:12,0
DA:13,0
DA:18,0
DA:22,0
DA:23,0
DA:26,0
DA:27,0
DA:28,0
DA:29,0
DA:31,0
LF:18
LH:0
BRDA:12,0,0,0
BRDA:12,0,1,0
BRF:2
BRH:0
end_of_record
TN:
SF:employee_app\routes\empTimeSheetRoute.js
FNF:0
FNH:0
DA:1,0
DA:3,0
DA:4,0
DA:5,0
DA:7,0
DA:10,0
DA:11,0
DA:14,0
DA:15,0
DA:18,0
DA:20,0
LF:11
LH:0
BRF:0
BRH:0
end_of_record
TN:
SF:employee_app\routes\employeeRoute.js
FN:12,(anonymous_0)
FN:23,(anonymous_1)
FN:34,(anonymous_2)
FN:45,(anonymous_3)
FNF:4
FNH:0
FNDA:0,(anonymous_0)
FNDA:0,(anonymous_1)
FNDA:0,(anonymous_2)
FNDA:0,(anonymous_3)
DA:1,0
DA:3,0
DA:4,0
DA:5,0
DA:6,0
DA:7,0
DA:9,0
DA:12,0
DA:13,0
DA:14,0
DA:15,0
DA:20,0
DA:23,0
DA:24,0
DA:25,0
DA:26,0
DA:31,0
DA:34,0
DA:35,0
DA:36,0
DA:37,0
DA:42,0
DA:45,0
DA:46,0
DA:47,0
DA:48,0
DA:53,0
DA:57,0
DA:60,0
DA:63,0
DA:66,0
DA:69,0
DA:71,0
LF:33
LH:0
BRDA:14,0,0,0
BRDA:14,0,1,0
BRDA:25,1,0,0
BRDA:25,1,1,0
BRDA:36,2,0,0
BRDA:36,2,1,0
BRDA:47,3,0,0
BRDA:47,3,1,0
BRF:8
BRH:0
end_of_record
TN:
SF:employee_app\services\authService.js
FN:6,(anonymous_0)
FN:19,(anonymous_1)
FN:59,(anonymous_2)
FN:79,(anonymous_3)
FNF:4
FNH:0
FNDA:0,(anonymous_0)
FNDA:0,(anonymous_1)
FNDA:0,(anonymous_2)
FNDA:0,(anonymous_3)
DA:1,0
DA:2,0
DA:3,0
DA:6,0
DA:7,0
DA:8,0
DA:11,0
DA:13,0
DA:14,0
DA:19,0
DA:20,0
DA:21,0
DA:25,0
DA:26,0
DA:29,0
DA:30,0
DA:31,0
DA:35,0
DA:47,0
DA:53,0
DA:54,0
DA:59,0
DA:60,0
DA:61,0
DA:71,0
DA:73,0
DA:74,0
DA:79,0
DA:80,0
DA:81,0
DA:94,0
DA:96,0
DA:97,0
DA:101,0
LF:34
LH:0
BRDA:25,0,0,0
BRDA:25,0,1,0
BRDA:30,1,0,0
BRDA:30,1,1,0
BRF:4
BRH:0
end_of_record
TN:
SF:employee_app\services\ipService.js
FN:4,(anonymous_0)
FNF:1
FNH:0
FNDA:0,(anonymous_0)
DA:1,0
DA:3,0
DA:5,0
DA:6,0
LF:4
LH:0
BRF:0
BRH:0
end_of_record
TN:
SF:examples\prismaEmployeeController.js
FN:10,(anonymous_0)
FN:83,(anonymous_1)
FN:140,(anonymous_2)
FN:182,(anonymous_3)
FN:221,(anonymous_4)
FNF:5
FNH:0
FNDA:0,(anonymous_0)
FNDA:0,(anonymous_1)
FNDA:0,(anonymous_2)
FNDA:0,(anonymous_3)
FNDA:0,(anonymous_4)
DA:1,0
DA:2,0
DA:3,0
DA:4,0
DA:8,0
DA:11,0
DA:20,0
DA:23,0
DA:27,0
DA:28,0
DA:29,0
DA:36,0
DA:37,0
DA:40,0
DA:41,0
DA:42,0
DA:46,0
DA:60,0
DA:61,0
DA:74,0
DA:75,0
DA:84,0
DA:85,0
DA:88,0
DA:92,0
DA:93,0
DA:94,0
DA:101,0
DA:102,0
DA:103,0
DA:104,0
DA:111,0
DA:112,0
DA:124,0
DA:125,0
DA:131,0
DA:132,0
DA:141,0
DA:142,0
DA:144,0
DA:160,0
DA:161,0
DA:167,0
DA:173,0
DA:174,0
DA:183,0
DA:184,0
DA:185,0
DA:187,0
DA:205,0
DA:206,0
DA:212,0
DA:213,0
DA:222,0
DA:223,0
DA:224,0
DA:226,0
DA:232,0
DA:233,0
DA:239,0
DA:255,0
DA:262,0
DA:263,0
LF:63
LH:0
BRDA:27,0,0,0
BRDA:27,0,1,0
BRDA:41,1,0,0
BRDA:41,1,1,0
BRDA:92,2,0,0
BRDA:92,2,1,0
BRDA:102,3,0,0
BRDA:102,3,1,0
BRDA:160,4,0,0
BRDA:160,4,1,0
BRDA:191,5,0,0
BRDA:191,5,1,0
BRDA:232,6,0,0
BRDA:232,6,1,0
BRDA:232,7,0,0
BRDA:232,7,1,0
BRF:16
BRH:0
end_of_record
TN:
SF:middleware\authService.js
FN:4,(anonymous_0)
FN:57,(anonymous_1)
FNF:2
FNH:0
FNDA:0,(anonymous_0)
FNDA:0,(anonymous_1)
DA:1,0
DA:4,0
DA:5,0
DA:7,0
DA:8,0
DA:9,0
DA:11,0
DA:19,0
DA:20,0
DA:21,0
DA:27,0
DA:32,0
DA:33,0
DA:39,0
DA:40,0
DA:46,0
DA:48,0
DA:49,0
DA:57,0
DA:58,0
DA:60,0
DA:61,0
DA:62,0
DA:64,0
DA:72,0
DA:73,0
DA:74,0
DA:80,0
DA:85,0
DA:86,0
DA:92,0
DA:93,0
DA:99,0
DA:101,0
DA:102,0
DA:109,0
LF:36
LH:0
BRDA:7,0,0,0
BRDA:7,0,1,0
BRDA:7,1,0,0
BRDA:7,1,1,0
BRDA:7,1,2,0
BRDA:8,2,0,0
BRDA:8,2,1,0
BRDA:20,3,0,0
BRDA:20,3,1,0
BRDA:32,4,0,0
BRDA:32,4,1,0
BRDA:32,5,0,0
BRDA:32,5,1,0
BRDA:39,6,0,0
BRDA:39,6,1,0
BRDA:60,7,0,0
BRDA:60,7,1,0
BRDA:60,8,0,0
BRDA:60,8,1,0
BRDA:60,8,2,0
BRDA:61,9,0,0
BRDA:61,9,1,0
BRDA:73,10,0,0
BRDA:73,10,1,0
BRDA:85,11,0,0
BRDA:85,11,1,0
BRDA:85,12,0,0
BRDA:85,12,1,0
BRDA:92,13,0,0
BRDA:92,13,1,0
BRF:30
BRH:0
end_of_record
TN:
SF:middleware\authToken.js
FN:3,(anonymous_0)
FN:7,(anonymous_1)
FNF:2
FNH:2
FNDA:10,(anonymous_0)
FNDA:8,(anonymous_1)
DA:1,7
DA:3,7
DA:4,10
DA:5,10
DA:6,8
DA:7,8
DA:8,8
DA:9,4
DA:14,4
DA:15,4
DA:19,2
DA:26,7
LF:12
LH:12
BRDA:4,0,0,10
BRDA:4,0,1,10
BRDA:5,1,0,8
BRDA:5,1,1,2
BRDA:5,2,0,10
BRDA:5,2,1,8
BRDA:8,3,0,4
BRDA:8,3,1,4
BRF:8
BRH:8
end_of_record
TN:
SF:middleware\empImageStorage.js
FN:5,(anonymous_0)
FN:8,(anonymous_1)
FN:13,(anonymous_2)
FNF:3
FNH:0
FNDA:0,(anonymous_0)
FNDA:0,(anonymous_1)
FNDA:0,(anonymous_2)
DA:1,0
DA:2,0
DA:4,0
DA:6,0
DA:9,0
DA:10,0
DA:13,0
DA:14,0
DA:15,0
DA:17,0
DA:21,0
DA:26,0
LF:12
LH:0
BRDA:14,0,0,0
BRDA:14,0,1,0
BRF:2
BRH:0
end_of_record
TN:
SF:middleware\rateLimiter.js
FN:23,(anonymous_0)
FN:28,(anonymous_1)
FN:41,createRateLimiter
FN:54,(anonymous_3)
FN:58,(anonymous_4)
FN:80,(anonymous_5)
FN:110,(anonymous_6)
FN:125,(anonymous_7)
FN:139,(anonymous_8)
FN:153,(anonymous_9)
FN:167,(anonymous_10)
FN:188,(anonymous_11)
FN:198,(anonymous_12)
FN:211,(anonymous_13)
FN:229,(anonymous_14)
FN:242,(anonymous_15)
FN:259,(anonymous_16)
FN:278,(anonymous_17)
FN:284,(anonymous_18)
FN:294,(anonymous_19)
FN:308,(anonymous_20)
FNF:21
FNH:16
FNDA:0,(anonymous_0)
FNDA:0,(anonymous_1)
FNDA:45,createRateLimiter
FNDA:12,(anonymous_3)
FNDA:0,(anonymous_4)
FNDA:72,(anonymous_5)
FNDA:7,(anonymous_6)
FNDA:5,(anonymous_7)
FNDA:6,(anonymous_8)
FNDA:6,(anonymous_9)
FNDA:0,(anonymous_10)
FNDA:7,(anonymous_11)
FNDA:125,(anonymous_12)
FNDA:1860,(anonymous_13)
FNDA:101,(anonymous_14)
FNDA:1485,(anonymous_15)
FNDA:110,(anonymous_16)
FNDA:1,(anonymous_17)
FNDA:2,(anonymous_18)
FNDA:2,(anonymous_19)
FNDA:0,(anonymous_20)
DA:1,7
DA:2,7
DA:5,7
DA:6,7
DA:8,7
DA:9,7
DA:10,7
DA:12,0
DA:16,7
DA:18,7
DA:19,7
DA:23,7
DA:24,0
DA:25,0
DA:28,7
DA:29,0
DA:32,0
DA:33,0
DA:42,45
DA:56,12
DA:59,0
DA:66,0
DA:74,45
DA:77,45
DA:78,45
DA:79,45
DA:80,72
DA:84,45
DA:85,9
DA:87,36
DA:90,0
DA:94,45
DA:102,7
DA:112,7
DA:117,7
DA:126,5
DA:131,7
DA:140,6
DA:145,7
DA:154,6
DA:159,7
DA:168,0
DA:173,7
DA:189,7
DA:190,7
DA:199,125
DA:200,125
DA:201,125
DA:202,125
DA:204,125
DA:205,5
DA:208,125
DA:211,1860
DA:213,125
DA:214,4
DA:215,4
DA:218,121
DA:219,121
DA:220,121
DA:230,101
DA:231,101
DA:232,101
DA:233,101
DA:235,101
DA:236,12
DA:239,101
DA:242,1485
DA:244,101
DA:245,4
DA:246,4
DA:249,97
DA:250,97
DA:251,97
DA:260,110
DA:272,110
DA:279,1
DA:280,1
DA:283,1
DA:284,2
DA:285,2
DA:286,1
DA:288,1
DA:293,1
DA:294,2
DA:295,2
DA:296,1
DA:298,1
DA:305,7
DA:308,7
DA:309,0
DA:312,7
LF:91
LH:80
BRDA:20,0,0,7
BRDA:20,0,1,7
BRDA:41,1,0,1
BRDA:56,2,0,11
BRDA:56,2,1,1
BRDA:77,3,0,45
BRDA:77,3,1,0
BRDA:77,4,0,45
BRDA:77,4,1,45
BRDA:84,5,0,9
BRDA:84,5,1,36
BRDA:84,6,0,45
BRDA:84,6,1,45
BRDA:112,7,0,5
BRDA:112,7,1,2
BRDA:126,8,0,4
BRDA:126,8,1,1
BRDA:140,9,0,5
BRDA:140,9,1,1
BRDA:154,10,0,5
BRDA:154,10,1,1
BRDA:204,11,0,5
BRDA:204,11,1,120
BRDA:213,12,0,4
BRDA:213,12,1,121
BRDA:235,13,0,12
BRDA:235,13,1,89
BRDA:244,14,0,4
BRDA:244,14,1,97
BRDA:272,15,0,110
BRDA:272,15,1,1
BRDA:285,16,0,1
BRDA:285,16,1,1
BRDA:295,17,0,1
BRDA:295,17,1,1
BRF:35
BRH:34
end_of_record
TN:
SF:service\cloudinaryClient.js
FN:21,uploadFile
FN:49,uploadBuffer
FN:51,(anonymous_2)
FN:57,(anonymous_3)
FN:84,deleteFile
FN:105,getFileInfo
FNF:6
FNH:0
FNDA:0,uploadFile
FNDA:0,uploadBuffer
FNDA:0,(anonymous_2)
FNDA:0,(anonymous_3)
FNDA:0,deleteFile
FNDA:0,getFileInfo
DA:6,1
DA:9,1
DA:22,0
DA:23,0
DA:28,0
DA:36,0
DA:50,0
DA:51,0
DA:52,0
DA:58,0
DA:59,0
DA:64,0
DA:72,0
DA:85,0
DA:86,0
DA:88,0
DA:93,0
DA:106,0
DA:107,0
DA:109,0
DA:114,0
DA:121,1
LF:22
LH:3
BRDA:21,0,0,0
BRDA:49,1,0,0
BRDA:58,2,0,0
BRDA:58,2,1,0
BRF:4
BRH:0
end_of_record
TN:
SF:service\emailService.js
FN:4,(anonymous_0)
FN:36,(anonymous_1)
FNF:2
FNH:1
FNDA:7,(anonymous_0)
FNDA:0,(anonymous_1)
DA:1,7
DA:4,7
DA:5,7
DA:6,7
DA:9,7
DA:10,0
DA:19,7
DA:34,7
DA:36,7
DA:37,0
DA:61,0
DA:62,0
DA:63,0
DA:71,0
DA:79,0
DA:80,0
DA:84,7
LF:17
LH:9
BRDA:9,0,0,0
BRDA:9,0,1,7
BRDA:9,1,0,7
BRDA:9,1,1,3
BRDA:20,2,0,7
BRDA:20,2,1,7
BRDA:21,3,0,7
BRDA:21,3,1,7
BRDA:22,4,0,7
BRDA:22,4,1,7
BRDA:36,5,0,0
BRDA:36,6,0,0
BRDA:62,7,0,0
BRDA:62,7,1,0
BRF:14
BRH:9
end_of_record
TN:
SF:service\meetingAuthService.js
FN:19,(anonymous_0)
FN:106,(anonymous_1)
FN:201,(anonymous_2)
FN:219,(anonymous_3)
FN:255,(anonymous_4)
FN:265,(anonymous_5)
FN:275,(anonymous_6)
FNF:7
FNH:7
FNDA:8,(anonymous_0)
FNDA:13,(anonymous_1)
FNDA:7,(anonymous_2)
FNDA:3,(anonymous_3)
FNDA:3,(anonymous_4)
FNDA:3,(anonymous_5)
FNDA:2,(anonymous_6)
DA:1,4
DA:2,4
DA:3,4
DA:20,8
DA:22,8
DA:26,8
DA:27,1
DA:31,7
DA:35,7
DA:36,1
DA:40,6
DA:41,6
DA:42,1
DA:46,5
DA:47,2
DA:48,1
DA:51,3
DA:60,3
DA:61,1
DA:64,2
DA:65,1
DA:70,2
DA:78,2
DA:82,2
DA:89,2
DA:91,6
DA:97,6
DA:107,13
DA:108,13
DA:109,1
DA:113,12
DA:116,10
DA:117,1
DA:121,9
DA:122,1
DA:126,8
DA:130,8
DA:131,1
DA:134,7
DA:135,1
DA:139,6
DA:143,6
DA:144,1
DA:148,5
DA:149,3
DA:158,3
DA:159,1
DA:162,2
DA:163,1
DA:167,3
DA:173,3
DA:175,10
DA:176,2
DA:179,2
DA:182,8
DA:183,0
DA:186,0
DA:189,8
DA:192,8
DA:202,7
DA:203,2
DA:206,5
DA:207,5
DA:208,1
DA:211,4
DA:220,3
DA:221,3
DA:223,3
DA:224,1
DA:227,2
DA:230,1
DA:237,1
DA:239,1
DA:241,1
DA:245,1
DA:256,3
DA:266,3
DA:276,2
DA:280,4
LF:79
LH:77
BRDA:26,0,0,1
BRDA:26,0,1,7
BRDA:35,1,0,1
BRDA:35,1,1,6
BRDA:41,2,0,1
BRDA:41,2,1,5
BRDA:46,3,0,2
BRDA:46,3,1,3
BRDA:47,4,0,1
BRDA:47,4,1,1
BRDA:60,5,0,1
BRDA:60,5,1,2
BRDA:64,6,0,1
BRDA:64,6,1,1
BRDA:108,7,0,1
BRDA:108,7,1,12
BRDA:116,8,0,1
BRDA:116,8,1,9
BRDA:121,9,0,1
BRDA:121,9,1,8
BRDA:121,10,0,9
BRDA:121,10,1,9
BRDA:121,10,2,8
BRDA:130,11,0,1
BRDA:130,11,1,7
BRDA:134,12,0,1
BRDA:134,12,1,6
BRDA:134,13,0,7
BRDA:134,13,1,6
BRDA:143,14,0,1
BRDA:143,14,1,5
BRDA:148,15,0,3
BRDA:148,15,1,2
BRDA:158,16,0,1
BRDA:158,16,1,2
BRDA:162,17,0,1
BRDA:162,17,1,1
BRDA:175,18,0,2
BRDA:175,18,1,8
BRDA:182,19,0,0
BRDA:182,19,1,8
BRDA:202,20,0,2
BRDA:202,20,1,5
BRDA:207,21,0,1
BRDA:207,21,1,4
BRDA:207,22,0,5
BRDA:207,22,1,5
BRDA:223,23,0,1
BRDA:223,23,1,2
BRDA:256,24,0,3
BRDA:256,24,1,3
BRDA:256,24,2,2
BRDA:266,25,0,3
BRDA:266,25,1,3
BRDA:266,25,2,3
BRDA:266,25,3,2
BRDA:276,26,0,2
BRDA:276,26,1,2
BRF:58
BRH:57
end_of_record
TN:
SF:service\meetingSchedulingService.js
FN:19,(anonymous_0)
FN:62,(anonymous_1)
FN:84,(anonymous_2)
FN:99,(anonymous_3)
FN:100,(anonymous_4)
FN:115,(anonymous_5)
FN:142,(anonymous_6)
FN:169,(anonymous_7)
FN:234,(anonymous_8)
FN:307,(anonymous_9)
FN:357,(anonymous_10)
FN:397,(anonymous_11)
FN:400,(anonymous_12)
FN:416,(anonymous_13)
FNF:14
FNH:14
FNDA:4,(anonymous_0)
FNDA:2,(anonymous_1)
FNDA:2,(anonymous_2)
FNDA:2,(anonymous_3)
FNDA:2,(anonymous_4)
FNDA:2,(anonymous_5)
FNDA:3,(anonymous_6)
FNDA:5,(anonymous_7)
FNDA:5,(anonymous_8)
FNDA:1,(anonymous_9)
FNDA:2,(anonymous_10)
FNDA:1,(anonymous_11)
FNDA:1,(anonymous_12)
FNDA:1,(anonymous_13)
DA:1,6
DA:2,6
DA:3,6
DA:20,4
DA:22,4
DA:35,4
DA:36,1
DA:39,3
DA:40,1
DA:44,2
DA:57,2
DA:58,1
DA:62,1
DA:63,2
DA:81,1
DA:84,1
DA:85,2
DA:86,2
DA:88,2
DA:98,1
DA:99,2
DA:100,2
DA:102,1
DA:109,1
DA:115,2
DA:122,3
DA:127,3
DA:143,3
DA:144,3
DA:151,3
DA:153,3
DA:155,0
DA:160,0
DA:170,5
DA:171,5
DA:173,5
DA:235,5
DA:236,5
DA:239,5
DA:241,5
DA:242,1
DA:243,1
DA:244,1
DA:247,5
DA:248,5
DA:251,5
DA:282,5
DA:292,0
DA:296,0
DA:308,1
DA:309,1
DA:310,1
DA:312,1
DA:340,1
DA:342,0
DA:347,0
DA:358,2
DA:359,2
DA:360,2
DA:363,2
DA:393,2
DA:394,2
DA:396,2
DA:397,1
DA:400,1
DA:401,1
DA:402,1
DA:404,1
DA:414,1
DA:415,1
DA:416,1
DA:419,2
DA:425,2
DA:432,0
DA:436,0
DA:441,6
LF:76
LH:68
BRDA:19,0,0,3
BRDA:35,1,0,1
BRDA:35,1,1,3
BRDA:39,2,0,1
BRDA:39,2,1,2
BRDA:39,3,0,3
BRDA:39,3,1,2
BRDA:57,4,0,1
BRDA:57,4,1,1
BRDA:86,5,0,2
BRDA:86,5,1,0
BRDA:170,6,0,3
BRDA:170,6,1,2
BRDA:171,7,0,2
BRDA:171,7,1,3
BRDA:207,8,0,1
BRDA:207,8,1,4
BRDA:234,9,0,0
BRDA:234,10,0,0
BRDA:241,11,0,1
BRDA:241,11,1,4
BRDA:241,12,0,5
BRDA:241,12,1,4
BRDA:243,13,0,1
BRDA:243,13,1,0
BRDA:244,14,0,1
BRDA:244,14,1,0
BRDA:247,15,0,2
BRDA:247,15,1,3
BRDA:248,16,0,2
BRDA:248,16,1,3
BRDA:307,17,0,0
BRDA:357,18,0,0
BRDA:416,19,0,1
BRDA:416,19,1,1
BRF:35
BRH:28
end_of_record
TN:
SF:service\meetingService.js
FN:25,(anonymous_0)
FN:117,(anonymous_1)
FN:191,(anonymous_2)
FN:250,(anonymous_3)
FN:316,(anonymous_4)
FN:402,(anonymous_5)
FN:452,(anonymous_6)
FN:527,(anonymous_7)
FN:606,(anonymous_8)
FN:662,(anonymous_9)
FN:761,(anonymous_10)
FN:827,(anonymous_11)
FN:874,(anonymous_12)
FN:875,(anonymous_13)
FN:876,(anonymous_14)
FN:899,(anonymous_15)
FNF:16
FNH:16
FNDA:4,(anonymous_0)
FNDA:4,(anonymous_1)
FNDA:2,(anonymous_2)
FNDA:2,(anonymous_3)
FNDA:4,(anonymous_4)
FNDA:2,(anonymous_5)
FNDA:2,(anonymous_6)
FNDA:1,(anonymous_7)
FNDA:5,(anonymous_8)
FNDA:7,(anonymous_9)
FNDA:2,(anonymous_10)
FNDA:2,(anonymous_11)
FNDA:2,(anonymous_12)
FNDA:2,(anonymous_13)
FNDA:2,(anonymous_14)
FNDA:2,(anonymous_15)
DA:1,8
DA:2,8
DA:3,8
DA:4,8
DA:26,4
DA:28,4
DA:32,4
DA:33,1
DA:38,3
DA:39,3
DA:41,3
DA:42,12
DA:43,12
DA:45,12
DA:49,12
DA:52,3
DA:53,1
DA:57,2
DA:60,2
DA:85,2
DA:92,2
DA:94,2
DA:99,2
DA:118,4
DA:120,4
DA:125,4
DA:126,1
DA:129,3
DA:130,1
DA:133,2
DA:134,1
DA:138,1
DA:139,1
DA:140,1
DA:141,1
DA:142,1
DA:143,1
DA:144,1
DA:147,1
DA:148,0
DA:152,1
DA:167,1
DA:173,1
DA:175,3
DA:180,3
DA:192,2
DA:194,2
DA:199,2
DA:200,0
DA:203,2
DA:204,1
DA:207,1
DA:208,0
DA:212,1
DA:227,1
DA:232,1
DA:234,1
DA:239,1
DA:251,2
DA:253,2
DA:258,2
DA:259,0
DA:262,2
DA:263,0
DA:266,2
DA:267,1
DA:270,1
DA:271,0
DA:275,1
DA:293,1
DA:298,1
DA:300,1
DA:305,1
DA:317,4
DA:319,4
DA:324,4
DA:325,0
DA:328,4
DA:329,0
DA:332,4
DA:333,0
DA:336,4
DA:339,4
DA:348,4
DA:349,3
DA:350,3
DA:352,3
DA:362,4
DA:380,4
DA:386,4
DA:388,0
DA:393,0
DA:403,2
DA:404,2
DA:430,2
DA:432,0
DA:436,0
DA:453,2
DA:454,2
DA:457,2
DA:458,2
DA:459,2
DA:460,2
DA:461,2
DA:462,0
DA:463,0
DA:464,0
DA:468,2
DA:499,2
DA:509,0
DA:513,0
DA:528,1
DA:529,1
DA:532,1
DA:543,1
DA:544,1
DA:547,1
DA:579,1
DA:589,0
DA:594,0
DA:607,5
DA:609,5
DA:610,0
DA:613,5
DA:614,1
DA:618,4
DA:627,4
DA:628,1
DA:632,3
DA:633,2
DA:634,1
DA:637,1
DA:638,1
DA:639,1
DA:643,1
DA:645,0
DA:650,0
DA:663,7
DA:665,7
DA:674,7
DA:676,1
DA:677,1
DA:682,1
DA:686,6
DA:687,6
DA:688,4
DA:689,4
DA:690,4
DA:692,4
DA:704,4
DA:705,2
DA:710,6
DA:737,6
DA:743,6
DA:745,0
DA:750,0
DA:762,2
DA:763,2
DA:772,2
DA:773,1
DA:776,1
DA:777,1
DA:780,1
DA:781,1
DA:782,1
DA:783,1
DA:787,1
DA:805,1
DA:811,1
DA:813,1
DA:818,1
DA:828,2
DA:830,2
DA:843,2
DA:844,1
DA:848,1
DA:873,1
DA:874,2
DA:875,2
DA:876,2
DA:878,1
DA:899,2
DA:915,1
DA:922,1
DA:924,1
DA:928,1
DA:933,8
LF:187
LH:162
BRDA:25,0,0,4
BRDA:32,1,0,1
BRDA:32,1,1,3
BRDA:49,2,0,2
BRDA:49,2,1,10
BRDA:52,3,0,1
BRDA:52,3,1,2
BRDA:57,4,0,1
BRDA:57,4,1,1
BRDA:125,5,0,1
BRDA:125,5,1,3
BRDA:129,6,0,1
BRDA:129,6,1,2
BRDA:133,7,0,1
BRDA:133,7,1,1
BRDA:133,8,0,2
BRDA:133,8,1,1
BRDA:139,9,0,1
BRDA:139,9,1,0
BRDA:140,10,0,0
BRDA:140,10,1,1
BRDA:141,11,0,0
BRDA:141,11,1,1
BRDA:142,12,0,0
BRDA:142,12,1,1
BRDA:143,13,0,0
BRDA:143,13,1,1
BRDA:144,14,0,0
BRDA:144,14,1,1
BRDA:147,15,0,0
BRDA:147,15,1,1
BRDA:148,16,0,0
BRDA:148,16,1,0
BRDA:199,17,0,0
BRDA:199,17,1,2
BRDA:203,18,0,1
BRDA:203,18,1,1
BRDA:207,19,0,0
BRDA:207,19,1,1
BRDA:207,20,0,1
BRDA:207,20,1,1
BRDA:258,21,0,0
BRDA:258,21,1,2
BRDA:262,22,0,0
BRDA:262,22,1,2
BRDA:266,23,0,1
BRDA:266,23,1,1
BRDA:270,24,0,0
BRDA:270,24,1,1
BRDA:270,25,0,1
BRDA:270,25,1,1
BRDA:324,26,0,0
BRDA:324,26,1,4
BRDA:328,27,0,0
BRDA:328,27,1,4
BRDA:332,28,0,0
BRDA:332,28,1,4
BRDA:332,29,0,4
BRDA:332,29,1,4
BRDA:350,30,0,3
BRDA:350,30,1,2
BRDA:452,31,0,0
BRDA:452,32,0,0
BRDA:458,33,0,1
BRDA:458,33,1,1
BRDA:459,34,0,1
BRDA:459,34,1,1
BRDA:460,35,0,1
BRDA:460,35,1,1
BRDA:461,36,0,0
BRDA:461,36,1,2
BRDA:461,37,0,2
BRDA:461,37,1,2
BRDA:463,38,0,0
BRDA:463,38,1,0
BRDA:464,39,0,0
BRDA:464,39,1,0
BRDA:527,40,0,0
BRDA:527,41,0,0
BRDA:543,42,0,0
BRDA:543,42,1,1
BRDA:544,43,0,0
BRDA:544,43,1,1
BRDA:609,44,0,0
BRDA:609,44,1,5
BRDA:613,45,0,1
BRDA:613,45,1,4
BRDA:613,46,0,5
BRDA:613,46,1,4
BRDA:627,47,0,1
BRDA:627,47,1,3
BRDA:627,48,0,4
BRDA:627,48,1,1
BRDA:632,49,0,2
BRDA:632,49,1,1
BRDA:633,50,0,1
BRDA:633,50,1,1
BRDA:638,51,0,1
BRDA:638,51,1,0
BRDA:674,52,0,1
BRDA:674,52,1,6
BRDA:676,53,0,1
BRDA:676,53,1,0
BRDA:687,54,0,4
BRDA:687,54,1,2
BRDA:704,55,0,2
BRDA:704,55,1,2
BRDA:772,56,0,1
BRDA:772,56,1,1
BRDA:777,57,0,1
BRDA:777,57,1,1
BRDA:780,58,0,1
BRDA:780,58,1,1
BRDA:781,59,0,1
BRDA:781,59,1,0
BRDA:781,60,0,1
BRDA:781,60,1,1
BRDA:843,61,0,1
BRDA:843,61,1,1
BRDA:875,62,0,2
BRDA:875,62,1,0
BRDA:897,63,0,1
BRDA:897,63,1,0
BRDA:905,64,0,2
BRDA:905,64,1,0
BRDA:906,65,0,2
BRDA:906,65,1,0
BRF:127
BRH:91
end_of_record
TN:
SF:service\signalingService.js
FN:12,(anonymous_0)
FN:23,(anonymous_1)
FN:43,(anonymous_2)
FN:67,(anonymous_3)
FN:114,(anonymous_4)
FN:174,(anonymous_5)
FN:200,(anonymous_6)
FN:210,(anonymous_7)
FN:221,(anonymous_8)
FN:233,(anonymous_9)
FN:287,(anonymous_10)
FN:329,(anonymous_11)
FN:363,(anonymous_12)
FN:380,(anonymous_13)
FNF:14
FNH:1
FNDA:1,(anonymous_0)
FNDA:0,(anonymous_1)
FNDA:0,(anonymous_2)
FNDA:0,(anonymous_3)
FNDA:0,(anonymous_4)
FNDA:0,(anonymous_5)
FNDA:0,(anonymous_6)
FNDA:0,(anonymous_7)
FNDA:0,(anonymous_8)
FNDA:0,(anonymous_9)
FNDA:0,(anonymous_10)
FNDA:0,(anonymous_11)
FNDA:0,(anonymous_12)
FNDA:0,(anonymous_13)
DA:1,1
DA:2,1
DA:3,1
DA:4,1
DA:13,1
DA:14,1
DA:15,1
DA:24,0
DA:25,0
DA:26,0
DA:29,0
DA:30,0
DA:32,0
DA:33,0
DA:44,0
DA:45,0
DA:48,0
DA:58,0
DA:59,0
DA:62,0
DA:63,0
DA:67,0
DA:68,0
DA:69,0
DA:73,0
DA:74,0
DA:76,0
DA:79,0
DA:80,0
DA:87,0
DA:95,0
DA:101,0
DA:106,0
DA:115,0
DA:116,0
DA:117,0
DA:119,0
DA:120,0
DA:124,0
DA:125,0
DA:126,0
DA:127,0
DA:128,0
DA:133,0
DA:134,0
DA:137,0
DA:138,0
DA:139,0
DA:144,0
DA:153,0
DA:160,0
DA:162,0
DA:175,0
DA:176,0
DA:178,0
DA:179,0
DA:180,0
DA:181,0
DA:182,0
DA:192,0
DA:201,0
DA:211,0
DA:212,0
DA:222,0
DA:223,0
DA:234,0
DA:235,0
DA:236,0
DA:237,0
DA:241,0
DA:242,0
DA:243,0
DA:245,0
DA:246,0
DA:247,0
DA:248,0
DA:249,0
DA:253,0
DA:254,0
DA:258,0
DA:263,0
DA:270,0
DA:272,0
DA:277,0
DA:288,0
DA:289,0
DA:290,0
DA:291,0
DA:295,0
DA:304,0
DA:306,0
DA:313,0
DA:315,0
DA:320,0
DA:330,0
DA:331,0
DA:332,0
DA:333,0
DA:337,0
DA:342,0
DA:348,0
DA:350,0
DA:354,0
DA:364,0
DA:365,0
DA:366,0
DA:369,0
DA:370,0
DA:381,0
DA:382,0
DA:384,0
DA:392,1
LF:112
LH:8
BRDA:25,0,0,0
BRDA:25,0,1,0
BRDA:58,1,0,0
BRDA:58,1,1,0
BRDA:62,2,0,0
BRDA:62,2,1,0
BRDA:68,3,0,0
BRDA:68,3,1,0
BRDA:68,4,0,0
BRDA:68,4,1,0
BRDA:73,5,0,0
BRDA:73,5,1,0
BRDA:84,6,0,0
BRDA:84,6,1,0
BRDA:119,7,0,0
BRDA:119,7,1,0
BRDA:119,8,0,0
BRDA:119,8,1,0
BRDA:125,9,0,0
BRDA:125,9,1,0
BRDA:127,10,0,0
BRDA:127,10,1,0
BRDA:137,11,0,0
BRDA:137,11,1,0
BRDA:137,12,0,0
BRDA:137,12,1,0
BRDA:178,13,0,0
BRDA:178,13,1,0
BRDA:181,14,0,0
BRDA:181,14,1,0
BRDA:212,15,0,0
BRDA:212,15,1,0
BRDA:212,15,2,0
BRDA:223,16,0,0
BRDA:223,16,1,0
BRDA:223,16,2,0
BRDA:223,16,3,0
BRDA:236,17,0,0
BRDA:236,17,1,0
BRDA:236,18,0,0
BRDA:236,18,1,0
BRDA:247,19,0,0
BRDA:247,19,1,0
BRDA:247,20,0,0
BRDA:247,20,1,0
BRDA:253,21,0,0
BRDA:253,21,1,0
BRDA:290,22,0,0
BRDA:290,22,1,0
BRDA:290,23,0,0
BRDA:290,23,1,0
BRDA:332,24,0,0
BRDA:332,24,1,0
BRDA:332,25,0,0
BRDA:332,25,1,0
BRDA:365,26,0,0
BRDA:365,26,1,0
BRF:57
BRH:0
end_of_record
TN:
SF:socket\meetings.js
FN:39,setupMeetingsNamespace
FN:43,(anonymous_1)
FN:69,(anonymous_2)
FN:90,(anonymous_3)
FN:102,(anonymous_4)
FN:118,(anonymous_5)
FN:168,(anonymous_6)
FN:217,(anonymous_7)
FN:267,(anonymous_8)
FN:307,(anonymous_9)
FN:347,(anonymous_10)
FN:385,(anonymous_11)
FN:401,(anonymous_12)
FN:449,findSocketByEmpId
FNF:14
FNH:11
FNDA:1,setupMeetingsNamespace
FNDA:32,(anonymous_1)
FNDA:28,(anonymous_2)
FNDA:0,(anonymous_3)
FNDA:0,(anonymous_4)
FNDA:3,(anonymous_5)
FNDA:1,(anonymous_6)
FNDA:1,(anonymous_7)
FNDA:2,(anonymous_8)
FNDA:2,(anonymous_9)
FNDA:2,(anonymous_10)
FNDA:0,(anonymous_11)
FNDA:28,(anonymous_12)
FNDA:9,findSocketByEmpId
DA:1,1
DA:2,1
DA:3,1
DA:40,1
DA:43,1
DA:44,32
DA:46,32
DA:47,32
DA:48,2
DA:52,2
DA:55,30
DA:56,30
DA:58,28
DA:59,28
DA:61,2
DA:65,2
DA:69,1
DA:70,28
DA:71,28
DA:72,28
DA:75,28
DA:76,28
DA:79,28
DA:82,28
DA:90,28
DA:91,28
DA:93,28
DA:102,28
DA:103,0
DA:104,0
DA:110,0
DA:118,28
DA:119,3
DA:121,3
DA:122,0
DA:126,0
DA:130,0
DA:133,3
DA:136,3
DA:138,3
DA:139,2
DA:144,2
DA:151,1
DA:157,0
DA:161,0
DA:168,28
DA:169,1
DA:171,1
DA:172,0
DA:176,0
DA:180,0
DA:183,1
DA:185,1
DA:187,1
DA:188,1
DA:193,1
DA:200,0
DA:206,0
DA:210,0
DA:217,28
DA:218,1
DA:220,1
DA:221,0
DA:225,0
DA:229,0
DA:232,1
DA:234,1
DA:236,1
DA:237,1
DA:242,1
DA:249,0
DA:255,0
DA:259,0
DA:267,28
DA:268,2
DA:269,2
DA:271,2
DA:274,2
DA:280,2
DA:281,2
DA:282,1
DA:286,1
DA:289,2
DA:296,0
DA:300,0
DA:307,28
DA:308,2
DA:309,2
DA:311,2
DA:314,2
DA:320,2
DA:321,2
DA:322,1
DA:326,1
DA:329,2
DA:336,0
DA:340,0
DA:347,28
DA:348,2
DA:349,2
DA:352,2
DA:357,2
DA:358,2
DA:359,2
DA:360,3
DA:361,3
DA:362,3
DA:367,2
DA:373,0
DA:377,0
DA:385,28
DA:386,0
DA:387,0
DA:393,0
DA:401,28
DA:402,28
DA:404,28
DA:410,28
DA:412,28
DA:419,0
DA:427,0
DA:431,0
DA:435,0
DA:439,1
DA:450,9
DA:451,9
DA:453,9
DA:454,9
DA:455,15
DA:456,15
DA:457,6
DA:462,3
DA:465,1
LF:133
LH:100
BRDA:47,0,0,2
BRDA:47,0,1,30
BRDA:121,1,0,0
BRDA:121,1,1,3
BRDA:138,2,0,2
BRDA:138,2,1,1
BRDA:171,3,0,0
BRDA:171,3,1,1
BRDA:187,4,0,1
BRDA:187,4,1,0
BRDA:220,5,0,0
BRDA:220,5,1,1
BRDA:236,6,0,1
BRDA:236,6,1,0
BRDA:281,7,0,1
BRDA:281,7,1,1
BRDA:321,8,0,1
BRDA:321,8,1,1
BRDA:358,9,0,2
BRDA:358,9,1,0
BRDA:361,10,0,3
BRDA:361,10,1,0
BRDA:453,11,0,9
BRDA:453,11,1,0
BRDA:456,12,0,6
BRDA:456,12,1,9
BRDA:456,13,0,15
BRDA:456,13,1,15
BRDA:456,13,2,15
BRF:29
BRH:21
end_of_record
TN:
SF:utils\hash.js
FN:15,hashPassword
FN:29,comparePassword
FN:42,hashMeetingPassword
FN:56,verifyMeetingPassword
FNF:4
FNH:0
FNDA:0,hashPassword
FNDA:0,comparePassword
FNDA:0,hashMeetingPassword
FNDA:0,verifyMeetingPassword
DA:6,8
DA:8,8
DA:16,0
DA:17,0
DA:20,0
DA:30,0
DA:31,0
DA:34,0
DA:43,0
DA:44,0
DA:47,0
DA:57,0
DA:58,0
DA:61,0
DA:64,8
LF:15
LH:3
BRDA:16,0,0,0
BRDA:16,0,1,0
BRDA:16,1,0,0
BRDA:16,1,1,0
BRDA:30,2,0,0
BRDA:30,2,1,0
BRDA:30,3,0,0
BRDA:30,3,1,0
BRDA:43,4,0,0
BRDA:43,4,1,0
BRDA:57,5,0,0
BRDA:57,5,1,0
BRF:12
BRH:0
end_of_record
TN:
SF:utils\iceConfig.js
FNF:0
FNH:0
DA:6,2
DA:18,2
LF:2
LH:2
BRF:0
BRH:0
end_of_record
TN:
SF:utils\logger.js
FN:20,(anonymous_0)
FN:30,(anonymous_1)
FNF:2
FNH:2
FNDA:159,(anonymous_0)
FNDA:12,(anonymous_1)
DA:1,21
DA:3,21
DA:20,159
DA:30,12
DA:36,21
LF:5
LH:5
BRF:0
BRH:0
end_of_record
TN:
SF:utils\shortcode.js
FN:16,generateShortcode
FN:37,validateShortcode
FN:47,(anonymous_2)
FNF:3
FNH:3
FNDA:117,generateShortcode
FNDA:13,validateShortcode
FNDA:38,(anonymous_2)
DA:6,10
DA:9,10
DA:17,117
DA:18,2
DA:21,115
DA:22,115
DA:24,115
DA:25,690
DA:26,690
DA:29,115
DA:38,13
DA:39,4
DA:42,9
DA:43,2
DA:47,38
DA:50,10
LF:16
LH:16
BRDA:16,0,0,113
BRDA:17,1,0,2
BRDA:17,1,1,115
BRDA:17,2,0,117
BRDA:17,2,1,116
BRDA:38,3,0,4
BRDA:38,3,1,9
BRDA:38,4,0,13
BRDA:38,4,1,10
BRDA:42,5,0,2
BRDA:42,5,1,7
BRDA:42,6,0,9
BRDA:42,6,1,8
BRF:13
BRH:13
end_of_record
TN:
SF:utils\adminLogger\adminLogger.js
FN:20,(anonymous_0)
FN:30,(anonymous_1)
FNF:2
FNH:0
FNDA:0,(anonymous_0)
FNDA:0,(anonymous_1)
DA:1,6
DA:3,6
DA:20,0
DA:30,0
DA:36,6
LF:5
LH:3
BRF:0
BRH:0
end_of_record
TN:
SF:utils\benchLogger\benchLogger.js
FN:20,(anonymous_0)
FN:30,(anonymous_1)
FNF:2
FNH:0
FNDA:0,(anonymous_0)
FNDA:0,(anonymous_1)
DA:1,1
DA:3,1
DA:20,0
DA:30,0
DA:36,1
LF:5
LH:3
BRF:0
BRH:0
end_of_record
TN:
SF:utils\empLeaveLogger\empLeaveLogger.js
FN:20,(anonymous_0)
FN:30,(anonymous_1)
FNF:2
FNH:0
FNDA:0,(anonymous_0)
FNDA:0,(anonymous_1)
DA:1,0
DA:3,0
DA:20,0
DA:30,0
DA:36,0
LF:5
LH:0
BRF:0
BRH:0
end_of_record
TN:
SF:utils\empLogger\employeeLogger.js
FN:20,(anonymous_0)
FN:30,(anonymous_1)
FNF:2
FNH:0
FNDA:0,(anonymous_0)
FNDA:0,(anonymous_1)
DA:1,1
DA:3,1
DA:20,0
DA:30,0
DA:36,1
LF:5
LH:3
BRF:0
BRH:0
end_of_record
TN:
SF:utils\notificationLogger\notificationLogger.js
FN:20,(anonymous_0)
FN:30,(anonymous_1)
FNF:2
FNH:0
FNDA:0,(anonymous_0)
FNDA:0,(anonymous_1)
DA:1,1
DA:3,1
DA:20,0
DA:30,0
DA:36,1
LF:5
LH:3
BRF:0
BRH:0
end_of_record
TN:
SF:utils\timeSheetLogger\timeSheetLogger.js
FN:20,(anonymous_0)
FN:30,(anonymous_1)
FNF:2
FNH:0
FNDA:0,(anonymous_0)
FNDA:0,(anonymous_1)
DA:1,0
DA:3,0
DA:20,0
DA:30,0
DA:36,0
LF:5
LH:0
BRF:0
BRH:0
end_of_record
