TN:
SF:urls.js
FNF:0
FNH:0
DA:1,0
DA:2,0
DA:3,0
DA:4,0
DA:5,0
DA:6,0
DA:7,0
DA:8,0
DA:9,0
DA:10,0
DA:11,0
DA:12,0
DA:13,0
DA:15,0
DA:18,0
DA:21,0
DA:24,0
DA:27,0
DA:30,0
DA:33,0
DA:36,0
DA:39,0
DA:42,0
DA:45,0
DA:48,0
DA:51,0
DA:53,0
LF:27
LH:0
BRF:0
BRH:0
end_of_record
TN:
SF:admin_app\controller\adminController.js
FN:9,(anonymous_0)
FN:93,(anonymous_1)
FN:152,(anonymous_2)
FN:225,(anonymous_3)
FN:249,(anonymous_4)
FN:281,(anonymous_5)
FN:282,(anonymous_6)
FN:283,(anonymous_7)
FN:284,(anonymous_8)
FN:285,(anonymous_9)
FN:286,(anonymous_10)
FN:287,(anonymous_11)
FN:308,(anonymous_12)
FN:346,(anonymous_13)
FN:375,(anonymous_14)
FNF:15
FNH:2
FNDA:4,(anonymous_0)
FNDA:3,(anonymous_1)
FNDA:0,(anonymous_2)
FNDA:0,(anonymous_3)
FNDA:0,(anonymous_4)
FNDA:0,(anonymous_5)
FNDA:0,(anonymous_6)
FNDA:0,(anonymous_7)
FNDA:0,(anonymous_8)
FNDA:0,(anonymous_9)
FNDA:0,(anonymous_10)
FNDA:0,(anonymous_11)
FNDA:0,(anonymous_12)
FNDA:0,(anonymous_13)
FNDA:0,(anonymous_14)
DA:1,1
DA:2,1
DA:3,1
DA:4,1
DA:5,1
DA:7,1
DA:10,4
DA:19,4
DA:22,4
DA:26,4
DA:27,1
DA:28,1
DA:35,3
DA:36,1
DA:43,2
DA:44,2
DA:47,2
DA:48,2
DA:49,1
DA:53,2
DA:66,2
DA:67,0
DA:70,2
DA:71,2
DA:84,0
DA:85,0
DA:94,3
DA:95,3
DA:98,3
DA:102,3
DA:103,1
DA:104,1
DA:111,2
DA:115,2
DA:116,1
DA:117,1
DA:124,1
DA:136,1
DA:137,1
DA:143,0
DA:144,0
DA:153,0
DA:162,0
DA:165,0
DA:169,0
DA:170,0
DA:171,0
DA:178,0
DA:179,0
DA:182,0
DA:183,0
DA:184,0
DA:188,0
DA:202,0
DA:203,0
DA:216,0
DA:217,0
DA:226,0
DA:227,0
DA:230,0
DA:249,0
DA:250,0
DA:252,0
DA:254,0
DA:258,0
DA:260,0
DA:279,0
DA:281,0
DA:282,0
DA:283,0
DA:284,0
DA:285,0
DA:286,0
DA:287,0
DA:290,0
DA:291,0
DA:298,0
DA:299,0
DA:309,0
DA:310,0
DA:312,0
DA:317,0
DA:318,0
DA:322,0
DA:323,0
DA:329,0
DA:346,0
DA:347,0
DA:348,0
DA:349,0
DA:351,0
DA:357,0
DA:358,0
DA:365,0
DA:366,0
DA:376,0
DA:377,0
DA:378,0
DA:380,0
DA:384,0
DA:385,0
DA:391,0
DA:392,0
DA:399,0
DA:416,0
DA:417,0
DA:423,0
DA:424,0
LF:108
LH:36
BRDA:26,0,0,1
BRDA:26,0,1,3
BRDA:35,1,0,1
BRDA:35,1,1,2
BRDA:48,2,0,1
BRDA:48,2,1,1
BRDA:66,3,0,0
BRDA:66,3,1,2
BRDA:102,4,0,1
BRDA:102,4,1,2
BRDA:102,5,0,3
BRDA:102,5,1,2
BRDA:115,6,0,1
BRDA:115,6,1,1
BRDA:169,7,0,0
BRDA:169,7,1,0
BRDA:183,8,0,0
BRDA:183,8,1,0
BRDA:250,9,0,0
BRDA:250,9,1,0
BRDA:252,10,0,0
BRDA:252,10,1,0
BRDA:252,10,2,0
BRDA:254,11,0,0
BRDA:254,11,1,0
BRDA:254,11,2,0
BRDA:258,12,0,0
BRDA:258,12,1,0
BRDA:258,12,2,0
BRDA:269,13,0,0
BRDA:269,13,1,0
BRDA:270,14,0,0
BRDA:270,14,1,0
BRDA:271,15,0,0
BRDA:271,15,1,0
BRDA:272,16,0,0
BRDA:272,16,1,0
BRDA:273,17,0,0
BRDA:273,17,1,0
BRDA:274,18,0,0
BRDA:274,18,1,0
BRDA:317,19,0,0
BRDA:317,19,1,0
BRDA:322,20,0,0
BRDA:322,20,1,0
BRDA:322,21,0,0
BRDA:322,21,1,0
BRDA:384,22,0,0
BRDA:384,22,1,0
BRDA:391,23,0,0
BRDA:391,23,1,0
BRDA:403,24,0,0
BRDA:403,24,1,0
BRF:53
BRH:13
end_of_record
TN:
SF:admin_app\controller\adminTimeSheetController.js
FN:7,(anonymous_0)
FN:59,(anonymous_1)
FN:91,(anonymous_2)
FN:92,(anonymous_3)
FN:93,(anonymous_4)
FN:100,(anonymous_5)
FN:101,(anonymous_6)
FN:102,(anonymous_7)
FN:103,(anonymous_8)
FN:124,(anonymous_9)
FN:182,(anonymous_10)
FN:242,(anonymous_11)
FN:273,(anonymous_12)
FNF:13
FNH:13
FNDA:4,(anonymous_0)
FNDA:2,(anonymous_1)
FNDA:1,(anonymous_2)
FNDA:1,(anonymous_3)
FNDA:1,(anonymous_4)
FNDA:1,(anonymous_5)
FNDA:1,(anonymous_6)
FNDA:1,(anonymous_7)
FNDA:1,(anonymous_8)
FNDA:2,(anonymous_9)
FNDA:3,(anonymous_10)
FNDA:2,(anonymous_11)
FNDA:1,(anonymous_12)
DA:1,1
DA:2,1
DA:3,1
DA:5,1
DA:8,4
DA:9,4
DA:10,4
DA:13,4
DA:14,1
DA:21,4
DA:22,1
DA:25,4
DA:41,3
DA:42,3
DA:49,1
DA:50,1
DA:60,2
DA:61,2
DA:62,2
DA:64,2
DA:84,2
DA:91,2
DA:92,2
DA:93,2
DA:95,2
DA:100,1
DA:101,1
DA:102,1
DA:103,1
DA:106,2
DA:107,2
DA:114,0
DA:115,0
DA:125,2
DA:126,2
DA:127,2
DA:129,2
DA:130,1
DA:133,2
DA:134,0
DA:135,0
DA:141,2
DA:142,2
DA:148,2
DA:164,2
DA:165,2
DA:172,0
DA:173,0
DA:183,3
DA:184,3
DA:186,3
DA:187,1
DA:193,2
DA:196,2
DA:206,2
DA:208,1
DA:216,1
DA:225,2
DA:226,2
DA:232,0
DA:233,0
DA:243,2
DA:244,2
DA:245,2
DA:247,2
DA:249,2
DA:250,1
DA:256,2
DA:273,2
DA:274,1
DA:275,1
DA:276,1
DA:277,1
DA:278,1
DA:279,1
DA:280,1
DA:281,1
DA:292,2
DA:293,2
DA:303,0
DA:304,0
LF:81
LH:71
BRDA:13,0,0,1
BRDA:13,0,1,3
BRDA:13,1,0,4
BRDA:13,1,1,1
BRDA:21,2,0,1
BRDA:21,2,1,3
BRDA:91,3,0,1
BRDA:91,3,1,1
BRDA:92,4,0,1
BRDA:92,4,1,1
BRDA:93,5,0,1
BRDA:93,5,1,0
BRDA:129,6,0,1
BRDA:129,6,1,1
BRDA:133,7,0,0
BRDA:133,7,1,2
BRDA:186,8,0,1
BRDA:186,8,1,2
BRDA:186,9,0,3
BRDA:186,9,1,3
BRDA:206,10,0,1
BRDA:206,10,1,1
BRDA:249,11,0,1
BRDA:249,11,1,1
BRDA:249,12,0,2
BRDA:249,12,1,1
BRDA:274,13,0,1
BRDA:274,13,1,0
BRDA:275,14,0,1
BRDA:275,14,1,0
BRDA:277,15,0,1
BRDA:277,15,1,0
BRDA:278,16,0,0
BRDA:278,16,1,1
BRDA:279,17,0,0
BRDA:279,17,1,1
BRDA:280,18,0,0
BRDA:280,18,1,1
BRDA:299,19,0,2
BRDA:299,19,1,1
BRF:40
BRH:32
end_of_record
TN:
SF:admin_app\controller\agentIdleTimeController.js
FN:6,(anonymous_0)
FN:77,(anonymous_1)
FN:153,(anonymous_2)
FN:183,(anonymous_3)
FN:216,(anonymous_4)
FNF:5
FNH:5
FNDA:5,(anonymous_0)
FNDA:3,(anonymous_1)
FNDA:1,(anonymous_2)
FNDA:4,(anonymous_3)
FNDA:1,(anonymous_4)
DA:1,1
DA:2,1
DA:4,1
DA:7,5
DA:8,5
DA:11,5
DA:15,5
DA:16,1
DA:23,4
DA:24,1
DA:30,3
DA:31,3
DA:32,3
DA:35,3
DA:36,1
DA:43,2
DA:52,1
DA:54,1
DA:67,1
DA:68,1
DA:78,3
DA:79,3
DA:80,3
DA:82,3
DA:85,3
DA:89,3
DA:90,1
DA:97,2
DA:103,2
DA:104,1
DA:105,1
DA:106,1
DA:108,1
DA:115,2
DA:132,2
DA:137,2
DA:145,2
DA:147,2
DA:149,2
DA:153,1
DA:173,0
DA:174,0
DA:184,4
DA:185,4
DA:188,4
DA:193,4
DA:194,1
DA:195,1
DA:196,1
DA:198,1
DA:205,4
DA:215,3
DA:217,1
DA:227,1
DA:228,1
DA:230,1
DA:239,3
DA:241,3
DA:248,1
DA:249,1
LF:60
LH:58
BRDA:15,0,0,1
BRDA:15,0,1,4
BRDA:23,1,0,1
BRDA:23,1,1,3
BRDA:23,2,0,4
BRDA:23,2,1,4
BRDA:35,3,0,1
BRDA:35,3,1,2
BRDA:80,4,0,2
BRDA:80,5,0,2
BRDA:89,6,0,1
BRDA:89,6,1,2
BRDA:103,7,0,1
BRDA:103,7,1,1
BRDA:145,8,0,2
BRDA:145,8,1,1
BRDA:160,9,0,1
BRDA:160,9,1,1
BRDA:193,10,0,1
BRDA:193,10,1,3
BRDA:227,11,0,1
BRDA:227,11,1,0
BRDA:228,12,0,1
BRDA:228,12,1,0
BRF:24
BRH:22
end_of_record
TN:
SF:admin_app\controller\agentWorkingAppsController.js
FN:6,(anonymous_0)
FN:69,(anonymous_1)
FN:174,(anonymous_2)
FN:208,(anonymous_3)
FNF:4
FNH:4
FNDA:5,(anonymous_0)
FNDA:4,(anonymous_1)
FNDA:4,(anonymous_2)
FNDA:1,(anonymous_3)
DA:1,1
DA:2,1
DA:4,1
DA:7,5
DA:8,5
DA:11,5
DA:15,5
DA:16,1
DA:23,4
DA:24,1
DA:31,3
DA:43,2
DA:45,2
DA:59,1
DA:60,1
DA:70,4
DA:71,4
DA:72,4
DA:74,4
DA:77,4
DA:81,4
DA:82,1
DA:89,3
DA:95,3
DA:96,1
DA:97,1
DA:98,1
DA:100,1
DA:107,3
DA:127,3
DA:132,3
DA:141,3
DA:143,3
DA:164,0
DA:165,0
DA:175,4
DA:176,4
DA:179,4
DA:184,4
DA:185,1
DA:186,1
DA:187,1
DA:189,1
DA:196,4
DA:207,3
DA:209,1
DA:219,1
DA:228,3
DA:230,3
DA:237,1
DA:238,1
LF:51
LH:49
BRDA:15,0,0,1
BRDA:15,0,1,4
BRDA:23,1,0,1
BRDA:23,1,1,3
BRDA:23,2,0,4
BRDA:23,2,1,4
BRDA:23,2,2,4
BRDA:23,2,3,3
BRDA:34,3,0,3
BRDA:34,3,1,2
BRDA:37,4,0,3
BRDA:37,4,1,2
BRDA:38,5,0,3
BRDA:38,5,1,2
BRDA:72,6,0,3
BRDA:72,7,0,3
BRDA:81,8,0,1
BRDA:81,8,1,3
BRDA:95,9,0,1
BRDA:95,9,1,2
BRDA:150,10,0,3
BRDA:150,10,1,2
BRDA:151,11,0,3
BRDA:151,11,1,2
BRDA:184,12,0,1
BRDA:184,12,1,3
BRDA:222,13,0,1
BRDA:222,13,1,0
BRDA:223,14,0,1
BRDA:223,14,1,0
BRF:30
BRH:28
end_of_record
TN:
SF:admin_app\controller\benchController.js
FN:6,(anonymous_0)
FN:38,(anonymous_1)
FNF:2
FNH:2
FNDA:3,(anonymous_0)
FNDA:7,(anonymous_1)
DA:1,1
DA:2,1
DA:4,1
DA:7,3
DA:8,3
DA:22,2
DA:23,2
DA:29,1
DA:30,1
DA:39,7
DA:40,7
DA:42,7
DA:59,6
DA:60,6
DA:66,1
DA:67,1
LF:16
LH:16
BRF:0
BRH:0
end_of_record
TN:
SF:admin_app\controller\notificationController.js
FN:6,(anonymous_0)
FN:21,(anonymous_1)
FN:32,(anonymous_2)
FN:49,(anonymous_3)
FN:76,(anonymous_4)
FN:93,(anonymous_5)
FN:130,(anonymous_6)
FN:180,(anonymous_7)
FN:220,(anonymous_8)
FN:245,(anonymous_9)
FNF:10
FNH:10
FNDA:5,(anonymous_0)
FNDA:3,(anonymous_1)
FNDA:2,(anonymous_2)
FNDA:5,(anonymous_3)
FNDA:5,(anonymous_4)
FNDA:2,(anonymous_5)
FNDA:3,(anonymous_6)
FNDA:1,(anonymous_7)
FNDA:1,(anonymous_8)
FNDA:2,(anonymous_9)
DA:1,1
DA:2,1
DA:4,1
DA:7,5
DA:8,5
DA:10,5
DA:12,5
DA:14,1
DA:21,3
DA:22,4
DA:24,3
DA:32,2
DA:34,1
DA:40,3
DA:41,1
DA:48,2
DA:50,5
DA:70,2
DA:71,2
DA:76,5
DA:83,1
DA:84,1
DA:94,2
DA:95,2
DA:112,2
DA:113,2
DA:120,0
DA:121,0
DA:131,3
DA:132,3
DA:134,3
DA:137,3
DA:138,1
DA:142,3
DA:143,1
DA:146,3
DA:162,3
DA:163,3
DA:170,0
DA:171,0
DA:181,1
DA:182,1
DA:183,1
DA:185,1
DA:203,1
DA:204,1
DA:210,0
DA:211,0
DA:221,1
DA:222,1
DA:224,1
DA:229,1
DA:230,1
DA:235,0
DA:236,0
DA:246,2
DA:247,2
DA:249,2
DA:262,2
DA:263,1
DA:269,1
DA:270,1
DA:276,0
DA:277,0
LF:64
LH:54
BRDA:12,0,0,1
BRDA:12,0,1,4
BRDA:22,1,0,3
BRDA:22,1,1,1
BRDA:22,2,0,4
BRDA:22,2,1,3
BRDA:40,3,0,1
BRDA:40,3,1,2
BRDA:137,4,0,1
BRDA:137,4,1,2
BRDA:142,5,0,1
BRDA:142,5,1,2
BRDA:262,6,0,1
BRDA:262,6,1,1
BRF:14
BRH:14
end_of_record
TN:
SF:admin_app\controller\screenshotController.js
FN:7,(anonymous_0)
FN:72,(anonymous_1)
FN:145,(anonymous_2)
FNF:3
FNH:3
FNDA:5,(anonymous_0)
FNDA:4,(anonymous_1)
FNDA:4,(anonymous_2)
DA:1,1
DA:2,1
DA:3,1
DA:5,1
DA:8,5
DA:9,5
DA:11,5
DA:12,1
DA:19,4
DA:23,4
DA:24,1
DA:31,3
DA:41,2
DA:49,1
DA:51,1
DA:62,2
DA:63,2
DA:73,4
DA:74,4
DA:75,4
DA:77,4
DA:80,4
DA:84,4
DA:85,1
DA:92,3
DA:110,3
DA:117,3
DA:119,3
DA:135,0
DA:136,0
DA:146,4
DA:147,4
DA:149,4
DA:153,4
DA:154,1
DA:161,3
DA:164,2
DA:169,1
DA:171,1
DA:177,2
DA:178,2
LF:41
LH:39
BRDA:11,0,0,1
BRDA:11,0,1,4
BRDA:23,1,0,1
BRDA:23,1,1,3
BRDA:75,2,0,2
BRDA:75,3,0,2
BRDA:84,4,0,1
BRDA:84,4,1,3
BRDA:153,5,0,1
BRDA:153,5,1,3
BRF:10
BRH:10
end_of_record
TN:
SF:admin_app\controller\taskController.js
FN:6,(anonymous_0)
FN:49,(anonymous_1)
FN:89,(anonymous_2)
FN:146,(anonymous_3)
FN:192,(anonymous_4)
FN:257,(anonymous_5)
FN:308,(anonymous_6)
FN:352,(anonymous_7)
FN:393,(anonymous_8)
FN:471,(anonymous_9)
FNF:10
FNH:8
FNDA:3,(anonymous_0)
FNDA:2,(anonymous_1)
FNDA:3,(anonymous_2)
FNDA:2,(anonymous_3)
FNDA:2,(anonymous_4)
FNDA:0,(anonymous_5)
FNDA:2,(anonymous_6)
FNDA:0,(anonymous_7)
FNDA:3,(anonymous_8)
FNDA:4,(anonymous_9)
DA:1,1
DA:2,1
DA:4,1
DA:7,3
DA:13,3
DA:16,3
DA:17,1
DA:25,2
DA:34,2
DA:35,1
DA:43,1
DA:49,2
DA:64,1
DA:65,1
DA:79,0
DA:80,0
DA:90,3
DA:91,3
DA:93,3
DA:98,3
DA:99,1
DA:103,3
DA:104,1
DA:111,3
DA:128,3
DA:129,3
DA:136,0
DA:137,0
DA:147,2
DA:148,2
DA:151,2
DA:165,2
DA:166,1
DA:172,1
DA:176,1
DA:182,0
DA:183,0
DA:193,2
DA:194,2
DA:195,2
DA:198,2
DA:202,2
DA:203,1
DA:210,1
DA:211,1
DA:212,1
DA:213,1
DA:214,1
DA:217,1
DA:233,1
DA:235,0
DA:243,0
DA:244,0
DA:252,0
DA:257,0
DA:263,0
DA:277,0
DA:281,0
DA:287,1
DA:291,1
DA:298,0
DA:299,0
DA:309,2
DA:310,2
DA:312,2
DA:316,2
DA:317,1
DA:328,1
DA:332,1
DA:336,1
DA:342,0
DA:343,0
DA:353,0
DA:354,0
DA:356,0
DA:360,0
DA:361,0
DA:368,0
DA:373,0
DA:377,0
DA:383,0
DA:384,0
DA:394,3
DA:395,3
DA:396,3
DA:399,3
DA:408,3
DA:409,1
DA:415,2
DA:425,2
DA:426,1
DA:429,2
DA:446,2
DA:450,2
DA:458,0
DA:462,0
DA:472,4
DA:473,4
DA:474,4
DA:476,4
DA:477,1
DA:483,3
DA:484,3
DA:485,1
DA:492,2
DA:505,2
DA:506,1
DA:512,1
DA:527,1
DA:531,1
DA:537,0
DA:538,0
LF:112
LH:80
BRDA:16,0,0,1
BRDA:16,0,1,2
BRDA:16,1,0,3
BRDA:16,1,1,3
BRDA:16,1,2,2
BRDA:16,1,3,2
BRDA:34,2,0,1
BRDA:34,2,1,1
BRDA:98,3,0,1
BRDA:98,3,1,2
BRDA:103,4,0,1
BRDA:103,4,1,2
BRDA:165,5,0,1
BRDA:165,5,1,1
BRDA:202,6,0,1
BRDA:202,6,1,1
BRDA:211,7,0,1
BRDA:211,7,1,0
BRDA:212,8,0,1
BRDA:212,8,1,0
BRDA:213,9,0,1
BRDA:213,9,1,0
BRDA:214,10,0,1
BRDA:214,10,1,0
BRDA:233,11,0,0
BRDA:233,11,1,1
BRDA:243,12,0,0
BRDA:243,12,1,0
BRDA:316,13,0,1
BRDA:316,13,1,1
BRDA:360,14,0,0
BRDA:360,14,1,0
BRDA:408,15,0,1
BRDA:408,15,1,2
BRDA:425,16,0,1
BRDA:425,16,1,1
BRDA:476,17,0,1
BRDA:476,17,1,3
BRDA:484,18,0,1
BRDA:484,18,1,2
BRDA:505,19,0,1
BRDA:505,19,1,1
BRF:42
BRH:33
end_of_record
TN:
SF:admin_app\routes\adminRoute.js
FN:10,(anonymous_0)
FN:21,(anonymous_1)
FN:32,(anonymous_2)
FNF:3
FNH:0
FNDA:0,(anonymous_0)
FNDA:0,(anonymous_1)
FNDA:0,(anonymous_2)
DA:1,0
DA:2,0
DA:3,0
DA:4,0
DA:5,0
DA:7,0
DA:10,0
DA:11,0
DA:12,0
DA:13,0
DA:18,0
DA:21,0
DA:22,0
DA:23,0
DA:24,0
DA:29,0
DA:32,0
DA:33,0
DA:34,0
DA:35,0
DA:40,0
DA:44,0
DA:45,0
DA:48,0
DA:49,0
DA:50,0
DA:51,0
DA:53,0
LF:28
LH:0
BRDA:12,0,0,0
BRDA:12,0,1,0
BRDA:23,1,0,0
BRDA:23,1,1,0
BRDA:34,2,0,0
BRDA:34,2,1,0
BRF:6
BRH:0
end_of_record
TN:
SF:admin_app\routes\adminTimeSheetRoute.js
FNF:0
FNH:0
DA:1,0
DA:2,0
DA:3,0
DA:4,0
DA:6,0
DA:9,0
DA:10,0
DA:11,0
DA:14,0
DA:15,0
DA:17,0
LF:11
LH:0
BRF:0
BRH:0
end_of_record
TN:
SF:admin_app\routes\agentIdleTimeRoute.js
FNF:0
FNH:0
DA:1,0
DA:2,0
DA:4,0
DA:7,0
DA:8,0
DA:9,0
DA:11,0
LF:7
LH:0
BRF:0
BRH:0
end_of_record
TN:
SF:admin_app\routes\agentWorkingAppsRoute.js
FNF:0
FNH:0
DA:1,0
DA:2,0
DA:4,0
DA:7,0
DA:8,0
DA:9,0
DA:11,0
LF:7
LH:0
BRF:0
BRH:0
end_of_record
TN:
SF:admin_app\routes\benchRoute.js
FNF:0
FNH:0
DA:1,0
DA:3,0
DA:4,0
DA:5,0
DA:7,0
DA:9,0
DA:10,0
DA:12,0
LF:8
LH:0
BRF:0
BRH:0
end_of_record
TN:
SF:admin_app\routes\notificationRoute.js
FNF:0
FNH:0
DA:1,0
DA:3,0
DA:4,0
DA:5,0
DA:6,0
DA:8,0
DA:10,0
DA:11,0
DA:12,0
DA:13,0
DA:15,0
LF:11
LH:0
BRF:0
BRH:0
end_of_record
TN:
SF:admin_app\routes\screenshotRoute.js
FN:11,(anonymous_0)
FN:19,(anonymous_1)
FN:30,(anonymous_2)
FNF:3
FNH:0
FNDA:0,(anonymous_0)
FNDA:0,(anonymous_1)
FNDA:0,(anonymous_2)
DA:1,0
DA:2,0
DA:3,0
DA:4,0
DA:5,0
DA:7,0
DA:10,0
DA:12,0
DA:14,0
DA:15,0
DA:17,0
DA:20,0
DA:21,0
DA:25,0
DA:32,0
DA:33,0
DA:35,0
DA:41,0
DA:42,0
DA:43,0
DA:45,0
LF:21
LH:0
BRDA:14,0,0,0
BRDA:14,0,1,0
BRDA:32,1,0,0
BRDA:32,1,1,0
BRF:4
BRH:0
end_of_record
TN:
SF:admin_app\routes\taskRoute.js
FN:10,(anonymous_0)
FN:21,(anonymous_1)
FN:32,(anonymous_2)
FNF:3
FNH:0
FNDA:0,(anonymous_0)
FNDA:0,(anonymous_1)
FNDA:0,(anonymous_2)
DA:1,0
DA:2,0
DA:3,0
DA:4,0
DA:5,0
DA:7,0
DA:10,0
DA:11,0
DA:12,0
DA:13,0
DA:18,0
DA:21,0
DA:22,0
DA:23,0
DA:24,0
DA:29,0
DA:32,0
DA:33,0
DA:34,0
DA:35,0
DA:40,0
DA:44,0
DA:45,0
DA:48,0
DA:49,0
DA:50,0
DA:51,0
DA:52,0
DA:53,0
DA:56,0
DA:58,0
LF:31
LH:0
BRDA:12,0,0,0
BRDA:12,0,1,0
BRDA:23,1,0,0
BRDA:23,1,1,0
BRDA:34,2,0,0
BRDA:34,2,1,0
BRF:6
BRH:0
end_of_record
TN:
SF:authValidations\employee\empValidationSchema.js
FNF:0
FNH:0
DA:1,0
DA:2,0
DA:3,0
DA:5,0
DA:108,0
LF:5
LH:0
BRF:0
BRH:0
end_of_record
TN:
SF:authValidations\employee\empValidator.js
FNF:0
FNH:0
DA:1,0
DA:4,0
DA:74,0
DA:144,0
DA:161,0
DA:178,0
DA:202,0
DA:223,0
DA:234,0
DA:274,0
DA:317,0
DA:327,0
LF:12
LH:0
BRF:0
BRH:0
end_of_record
TN:
SF:authValidations\notification\notificationVal.js
FN:35,(anonymous_0)
FNF:1
FNH:0
FNDA:0,(anonymous_0)
DA:1,0
DA:3,0
DA:37,0
DA:38,0
DA:42,0
DA:46,0
LF:6
LH:0
BRDA:37,0,0,0
BRDA:37,0,1,0
BRDA:37,1,0,0
BRDA:37,1,1,0
BRDA:37,1,2,0
BRF:5
BRH:0
end_of_record
TN:
SF:authValidations\notification\notificationValidator.js
FN:4,(anonymous_0)
FNF:1
FNH:0
FNDA:0,(anonymous_0)
DA:1,0
DA:3,0
DA:5,0
DA:6,0
DA:7,0
DA:8,0
DA:13,0
DA:16,0
LF:8
LH:0
BRDA:7,0,0,0
BRDA:7,0,1,0
BRF:2
BRH:0
end_of_record
TN:
SF:config\cloudinaryConfig.js
FNF:0
FNH:0
DA:1,0
DA:4,0
DA:10,0
LF:3
LH:0
BRF:0
BRH:0
end_of_record
TN:
SF:config\prismaConfig.js
FN:9,connectDatabase
FN:22,(anonymous_1)
FNF:2
FNH:0
FNDA:0,connectDatabase
FNDA:0,(anonymous_1)
DA:1,0
DA:2,0
DA:4,0
DA:10,0
DA:11,0
DA:12,0
DA:13,0
DA:15,0
DA:16,0
DA:17,0
DA:22,0
DA:23,0
DA:26,0
LF:13
LH:0
BRF:0
BRH:0
end_of_record
TN:
SF:employee_app\controller\empController.js
FN:9,(anonymous_0)
FN:65,(anonymous_1)
FN:104,(anonymous_2)
FN:143,(anonymous_3)
FN:196,(anonymous_4)
FNF:5
FNH:2
FNDA:4,(anonymous_0)
FNDA:2,(anonymous_1)
FNDA:0,(anonymous_2)
FNDA:0,(anonymous_3)
FNDA:0,(anonymous_4)
DA:1,1
DA:2,1
DA:3,1
DA:4,1
DA:5,1
DA:7,1
DA:10,4
DA:11,4
DA:14,4
DA:18,3
DA:19,1
DA:20,1
DA:27,2
DA:28,2
DA:29,1
DA:30,1
DA:37,1
DA:49,1
DA:50,1
DA:56,1
DA:57,1
DA:66,2
DA:67,2
DA:68,2
DA:70,2
DA:88,1
DA:89,1
DA:95,1
DA:96,1
DA:105,0
DA:106,0
DA:107,0
DA:109,0
DA:110,0
DA:117,0
DA:118,0
DA:120,0
DA:128,0
DA:129,0
DA:134,0
DA:135,0
DA:144,0
DA:145,0
DA:147,0
DA:151,0
DA:152,0
DA:159,0
DA:160,0
DA:161,0
DA:164,0
DA:173,0
DA:179,0
DA:181,0
DA:182,0
DA:187,0
DA:188,0
DA:197,0
DA:198,0
DA:200,0
DA:210,0
DA:216,0
DA:217,0
LF:62
LH:29
BRDA:18,0,0,1
BRDA:18,0,1,2
BRDA:28,1,0,1
BRDA:28,1,1,1
BRDA:74,2,0,2
BRDA:74,2,1,0
BRDA:109,3,0,0
BRDA:109,3,1,0
BRDA:151,4,0,0
BRDA:151,4,1,0
BRF:10
BRH:5
end_of_record
TN:
SF:employee_app\controller\empLeaveController.js
FN:7,(anonymous_0)
FN:85,(anonymous_1)
FN:125,(anonymous_2)
FN:154,(anonymous_3)
FN:174,(anonymous_4)
FN:216,(anonymous_5)
FNF:6
FNH:0
FNDA:0,(anonymous_0)
FNDA:0,(anonymous_1)
FNDA:0,(anonymous_2)
FNDA:0,(anonymous_3)
FNDA:0,(anonymous_4)
FNDA:0,(anonymous_5)
DA:1,0
DA:2,0
DA:3,0
DA:5,0
DA:8,0
DA:15,0
DA:18,0
DA:19,0
DA:21,0
DA:22,0
DA:28,0
DA:29,0
DA:36,0
DA:39,0
DA:60,0
DA:61,0
DA:75,0
DA:76,0
DA:86,0
DA:87,0
DA:88,0
DA:90,0
DA:96,0
DA:97,0
DA:104,0
DA:105,0
DA:108,0
DA:125,0
DA:126,0
DA:127,0
DA:128,0
DA:130,0
DA:136,0
DA:137,0
DA:144,0
DA:145,0
DA:155,0
DA:156,0
DA:159,0
DA:168,0
DA:174,0
DA:175,0
DA:176,0
DA:177,0
DA:178,0
DA:182,0
DA:189,0
DA:195,0
DA:196,0
DA:206,0
DA:207,0
DA:217,0
DA:218,0
DA:219,0
DA:221,0
DA:229,0
DA:230,0
DA:236,0
DA:237,0
DA:244,0
DA:249,0
DA:250,0
DA:255,0
DA:256,0
LF:64
LH:0
BRDA:21,0,0,0
BRDA:21,0,1,0
BRDA:28,1,0,0
BRDA:28,1,1,0
BRDA:45,2,0,0
BRDA:45,2,1,0
BRDA:96,3,0,0
BRDA:96,3,1,0
BRDA:96,4,0,0
BRDA:96,4,1,0
BRDA:104,5,0,0
BRDA:104,5,1,0
BRDA:229,6,0,0
BRDA:229,6,1,0
BRDA:236,7,0,0
BRDA:236,7,1,0
BRF:16
BRH:0
end_of_record
TN:
SF:employee_app\controller\empTaskController.js
FN:6,(anonymous_0)
FN:83,(anonymous_1)
FN:136,(anonymous_2)
FN:210,(anonymous_3)
FN:251,(anonymous_4)
FN:252,(anonymous_5)
FN:253,(anonymous_6)
FN:254,(anonymous_7)
FN:258,(anonymous_8)
FNF:9
FNH:0
FNDA:0,(anonymous_0)
FNDA:0,(anonymous_1)
FNDA:0,(anonymous_2)
FNDA:0,(anonymous_3)
FNDA:0,(anonymous_4)
FNDA:0,(anonymous_5)
FNDA:0,(anonymous_6)
FNDA:0,(anonymous_7)
FNDA:0,(anonymous_8)
DA:1,0
DA:2,0
DA:4,0
DA:7,0
DA:8,0
DA:9,0
DA:12,0
DA:21,0
DA:22,0
DA:28,0
DA:38,0
DA:39,0
DA:42,0
DA:59,0
DA:60,0
DA:73,0
DA:74,0
DA:84,0
DA:85,0
DA:86,0
DA:89,0
DA:112,0
DA:113,0
DA:119,0
DA:120,0
DA:126,0
DA:127,0
DA:137,0
DA:138,0
DA:139,0
DA:140,0
DA:142,0
DA:143,0
DA:149,0
DA:150,0
DA:151,0
DA:158,0
DA:171,0
DA:172,0
DA:178,0
DA:193,0
DA:194,0
DA:200,0
DA:201,0
DA:211,0
DA:212,0
DA:215,0
DA:224,0
DA:225,0
DA:232,0
DA:249,0
DA:251,0
DA:252,0
DA:253,0
DA:255,0
DA:259,0
DA:260,0
DA:261,0
DA:265,0
DA:266,0
DA:277,0
DA:278,0
LF:62
LH:0
BRDA:21,0,0,0
BRDA:21,0,1,0
BRDA:38,1,0,0
BRDA:38,1,1,0
BRDA:112,2,0,0
BRDA:112,2,1,0
BRDA:142,3,0,0
BRDA:142,3,1,0
BRDA:150,4,0,0
BRDA:150,4,1,0
BRDA:171,5,0,0
BRDA:171,5,1,0
BRDA:224,6,0,0
BRDA:224,6,1,0
BRDA:255,7,0,0
BRDA:255,7,1,0
BRDA:261,8,0,0
BRDA:261,8,1,0
BRF:18
BRH:0
end_of_record
TN:
SF:employee_app\controller\empTimeSheetController.js
FN:7,(anonymous_0)
FN:70,(anonymous_1)
FN:135,(anonymous_2)
FN:179,(anonymous_3)
FN:240,(anonymous_4)
FNF:5
FNH:0
FNDA:0,(anonymous_0)
FNDA:0,(anonymous_1)
FNDA:0,(anonymous_2)
FNDA:0,(anonymous_3)
FNDA:0,(anonymous_4)
DA:1,0
DA:2,0
DA:3,0
DA:5,0
DA:8,0
DA:9,0
DA:10,0
DA:11,0
DA:14,0
DA:25,0
DA:26,0
DA:34,0
DA:35,0
DA:43,0
DA:53,0
DA:54,0
DA:60,0
DA:61,0
DA:71,0
DA:72,0
DA:73,0
DA:74,0
DA:77,0
DA:88,0
DA:89,0
DA:95,0
DA:96,0
DA:103,0
DA:104,0
DA:105,0
DA:108,0
DA:117,0
DA:118,0
DA:125,0
DA:126,0
DA:136,0
DA:137,0
DA:138,0
DA:140,0
DA:144,0
DA:145,0
DA:151,0
DA:152,0
DA:158,0
DA:163,0
DA:164,0
DA:170,0
DA:171,0
DA:180,0
DA:181,0
DA:182,0
DA:184,0
DA:188,0
DA:189,0
DA:195,0
DA:196,0
DA:202,0
DA:203,0
DA:210,0
DA:211,0
DA:212,0
DA:214,0
DA:222,0
DA:223,0
DA:230,0
DA:231,0
DA:241,0
DA:242,0
DA:243,0
DA:245,0
DA:256,0
DA:257,0
DA:270,0
DA:272,0
DA:284,0
DA:285,0
LF:76
LH:0
BRDA:25,0,0,0
BRDA:25,0,1,0
BRDA:25,1,0,0
BRDA:25,1,1,0
BRDA:34,2,0,0
BRDA:34,2,1,0
BRDA:88,3,0,0
BRDA:88,3,1,0
BRDA:88,4,0,0
BRDA:88,4,1,0
BRDA:95,5,0,0
BRDA:95,5,1,0
BRDA:144,6,0,0
BRDA:144,6,1,0
BRDA:151,7,0,0
BRDA:151,7,1,0
BRDA:151,8,0,0
BRDA:151,8,1,0
BRDA:188,9,0,0
BRDA:188,9,1,0
BRDA:195,10,0,0
BRDA:195,10,1,0
BRDA:202,11,0,0
BRDA:202,11,1,0
BRDA:256,12,0,0
BRDA:256,12,1,0
BRDA:270,13,0,0
BRDA:270,13,1,0
BRDA:280,14,0,0
BRDA:280,14,1,0
BRF:30
BRH:0
end_of_record
TN:
SF:employee_app\routes\empLeaveRoute.js
FNF:0
FNH:0
DA:1,0
DA:3,0
DA:4,0
DA:5,0
DA:7,0
DA:9,0
DA:11,0
LF:7
LH:0
BRF:0
BRH:0
end_of_record
TN:
SF:employee_app\routes\empTaskRoute.js
FN:10,(anonymous_0)
FNF:1
FNH:0
FNDA:0,(anonymous_0)
DA:1,0
DA:2,0
DA:3,0
DA:4,0
DA:5,0
DA:7,0
DA:10,0
DA:11,0
DA:12,0
DA:13,0
DA:18,0
DA:22,0
DA:23,0
DA:26,0
DA:27,0
DA:28,0
DA:29,0
DA:31,0
LF:18
LH:0
BRDA:12,0,0,0
BRDA:12,0,1,0
BRF:2
BRH:0
end_of_record
TN:
SF:employee_app\routes\empTimeSheetRoute.js
FNF:0
FNH:0
DA:1,0
DA:3,0
DA:4,0
DA:5,0
DA:7,0
DA:10,0
DA:11,0
DA:14,0
DA:15,0
DA:18,0
DA:20,0
LF:11
LH:0
BRF:0
BRH:0
end_of_record
TN:
SF:employee_app\routes\employeeRoute.js
FN:12,(anonymous_0)
FN:23,(anonymous_1)
FN:34,(anonymous_2)
FN:45,(anonymous_3)
FNF:4
FNH:0
FNDA:0,(anonymous_0)
FNDA:0,(anonymous_1)
FNDA:0,(anonymous_2)
FNDA:0,(anonymous_3)
DA:1,0
DA:3,0
DA:4,0
DA:5,0
DA:6,0
DA:7,0
DA:9,0
DA:12,0
DA:13,0
DA:14,0
DA:15,0
DA:20,0
DA:23,0
DA:24,0
DA:25,0
DA:26,0
DA:31,0
DA:34,0
DA:35,0
DA:36,0
DA:37,0
DA:42,0
DA:45,0
DA:46,0
DA:47,0
DA:48,0
DA:53,0
DA:57,0
DA:60,0
DA:63,0
DA:66,0
DA:69,0
DA:71,0
LF:33
LH:0
BRDA:14,0,0,0
BRDA:14,0,1,0
BRDA:25,1,0,0
BRDA:25,1,1,0
BRDA:36,2,0,0
BRDA:36,2,1,0
BRDA:47,3,0,0
BRDA:47,3,1,0
BRF:8
BRH:0
end_of_record
TN:
SF:employee_app\services\authService.js
FN:6,(anonymous_0)
FN:19,(anonymous_1)
FN:59,(anonymous_2)
FN:79,(anonymous_3)
FNF:4
FNH:0
FNDA:0,(anonymous_0)
FNDA:0,(anonymous_1)
FNDA:0,(anonymous_2)
FNDA:0,(anonymous_3)
DA:1,0
DA:2,0
DA:3,0
DA:6,0
DA:7,0
DA:8,0
DA:11,0
DA:13,0
DA:14,0
DA:19,0
DA:20,0
DA:21,0
DA:25,0
DA:26,0
DA:29,0
DA:30,0
DA:31,0
DA:35,0
DA:47,0
DA:53,0
DA:54,0
DA:59,0
DA:60,0
DA:61,0
DA:71,0
DA:73,0
DA:74,0
DA:79,0
DA:80,0
DA:81,0
DA:94,0
DA:96,0
DA:97,0
DA:101,0
LF:34
LH:0
BRDA:25,0,0,0
BRDA:25,0,1,0
BRDA:30,1,0,0
BRDA:30,1,1,0
BRF:4
BRH:0
end_of_record
TN:
SF:employee_app\services\ipService.js
FN:4,(anonymous_0)
FNF:1
FNH:0
FNDA:0,(anonymous_0)
DA:1,0
DA:3,0
DA:5,0
DA:6,0
LF:4
LH:0
BRF:0
BRH:0
end_of_record
TN:
SF:examples\prismaEmployeeController.js
FN:10,(anonymous_0)
FN:83,(anonymous_1)
FN:140,(anonymous_2)
FN:182,(anonymous_3)
FN:221,(anonymous_4)
FNF:5
FNH:0
FNDA:0,(anonymous_0)
FNDA:0,(anonymous_1)
FNDA:0,(anonymous_2)
FNDA:0,(anonymous_3)
FNDA:0,(anonymous_4)
DA:1,0
DA:2,0
DA:3,0
DA:4,0
DA:8,0
DA:11,0
DA:20,0
DA:23,0
DA:27,0
DA:28,0
DA:29,0
DA:36,0
DA:37,0
DA:40,0
DA:41,0
DA:42,0
DA:46,0
DA:60,0
DA:61,0
DA:74,0
DA:75,0
DA:84,0
DA:85,0
DA:88,0
DA:92,0
DA:93,0
DA:94,0
DA:101,0
DA:102,0
DA:103,0
DA:104,0
DA:111,0
DA:112,0
DA:124,0
DA:125,0
DA:131,0
DA:132,0
DA:141,0
DA:142,0
DA:144,0
DA:160,0
DA:161,0
DA:167,0
DA:173,0
DA:174,0
DA:183,0
DA:184,0
DA:185,0
DA:187,0
DA:205,0
DA:206,0
DA:212,0
DA:213,0
DA:222,0
DA:223,0
DA:224,0
DA:226,0
DA:232,0
DA:233,0
DA:239,0
DA:255,0
DA:262,0
DA:263,0
LF:63
LH:0
BRDA:27,0,0,0
BRDA:27,0,1,0
BRDA:41,1,0,0
BRDA:41,1,1,0
BRDA:92,2,0,0
BRDA:92,2,1,0
BRDA:102,3,0,0
BRDA:102,3,1,0
BRDA:160,4,0,0
BRDA:160,4,1,0
BRDA:191,5,0,0
BRDA:191,5,1,0
BRDA:232,6,0,0
BRDA:232,6,1,0
BRDA:232,7,0,0
BRDA:232,7,1,0
BRF:16
BRH:0
end_of_record
TN:
SF:middleware\authService.js
FN:4,(anonymous_0)
FN:57,(anonymous_1)
FNF:2
FNH:0
FNDA:0,(anonymous_0)
FNDA:0,(anonymous_1)
DA:1,0
DA:4,0
DA:5,0
DA:7,0
DA:8,0
DA:9,0
DA:11,0
DA:19,0
DA:20,0
DA:21,0
DA:27,0
DA:32,0
DA:33,0
DA:39,0
DA:40,0
DA:46,0
DA:48,0
DA:49,0
DA:57,0
DA:58,0
DA:60,0
DA:61,0
DA:62,0
DA:64,0
DA:72,0
DA:73,0
DA:74,0
DA:80,0
DA:85,0
DA:86,0
DA:92,0
DA:93,0
DA:99,0
DA:101,0
DA:102,0
DA:109,0
LF:36
LH:0
BRDA:7,0,0,0
BRDA:7,0,1,0
BRDA:7,1,0,0
BRDA:7,1,1,0
BRDA:7,1,2,0
BRDA:8,2,0,0
BRDA:8,2,1,0
BRDA:20,3,0,0
BRDA:20,3,1,0
BRDA:32,4,0,0
BRDA:32,4,1,0
BRDA:32,5,0,0
BRDA:32,5,1,0
BRDA:39,6,0,0
BRDA:39,6,1,0
BRDA:60,7,0,0
BRDA:60,7,1,0
BRDA:60,8,0,0
BRDA:60,8,1,0
BRDA:60,8,2,0
BRDA:61,9,0,0
BRDA:61,9,1,0
BRDA:73,10,0,0
BRDA:73,10,1,0
BRDA:85,11,0,0
BRDA:85,11,1,0
BRDA:85,12,0,0
BRDA:85,12,1,0
BRDA:92,13,0,0
BRDA:92,13,1,0
BRF:30
BRH:0
end_of_record
TN:
SF:middleware\authToken.js
FN:3,(anonymous_0)
FN:7,(anonymous_1)
FNF:2
FNH:2
FNDA:10,(anonymous_0)
FNDA:8,(anonymous_1)
DA:1,1
DA:3,1
DA:4,10
DA:5,10
DA:6,8
DA:7,8
DA:8,8
DA:9,4
DA:14,4
DA:15,4
DA:19,2
DA:26,1
LF:12
LH:12
BRDA:4,0,0,10
BRDA:4,0,1,10
BRDA:5,1,0,8
BRDA:5,1,1,2
BRDA:5,2,0,10
BRDA:5,2,1,8
BRDA:8,3,0,4
BRDA:8,3,1,4
BRF:8
BRH:8
end_of_record
TN:
SF:middleware\empImageStorage.js
FN:5,(anonymous_0)
FN:8,(anonymous_1)
FN:13,(anonymous_2)
FNF:3
FNH:0
FNDA:0,(anonymous_0)
FNDA:0,(anonymous_1)
FNDA:0,(anonymous_2)
DA:1,0
DA:2,0
DA:4,0
DA:6,0
DA:9,0
DA:10,0
DA:13,0
DA:14,0
DA:15,0
DA:17,0
DA:21,0
DA:26,0
LF:12
LH:0
BRDA:14,0,0,0
BRDA:14,0,1,0
BRF:2
BRH:0
end_of_record
TN:
SF:service\emailService.js
FN:4,(anonymous_0)
FN:36,(anonymous_1)
FNF:2
FNH:1
FNDA:1,(anonymous_0)
FNDA:0,(anonymous_1)
DA:1,1
DA:4,1
DA:5,1
DA:6,1
DA:9,1
DA:10,0
DA:19,1
DA:34,1
DA:36,1
DA:37,0
DA:61,0
DA:62,0
DA:63,0
DA:71,0
DA:79,0
DA:80,0
DA:84,1
LF:17
LH:9
BRDA:9,0,0,0
BRDA:9,0,1,1
BRDA:9,1,0,1
BRDA:9,1,1,0
BRDA:20,2,0,1
BRDA:20,2,1,1
BRDA:21,3,0,1
BRDA:21,3,1,1
BRDA:22,4,0,1
BRDA:22,4,1,1
BRDA:36,5,0,0
BRDA:36,6,0,0
BRDA:62,7,0,0
BRDA:62,7,1,0
BRF:14
BRH:8
end_of_record
TN:
SF:utils\logger.js
FN:20,(anonymous_0)
FN:30,(anonymous_1)
FNF:2
FNH:0
FNDA:0,(anonymous_0)
FNDA:0,(anonymous_1)
DA:1,0
DA:3,0
DA:20,0
DA:30,0
DA:36,0
LF:5
LH:0
BRF:0
BRH:0
end_of_record
TN:
SF:utils\adminLogger\adminLogger.js
FN:20,(anonymous_0)
FN:30,(anonymous_1)
FNF:2
FNH:0
FNDA:0,(anonymous_0)
FNDA:0,(anonymous_1)
DA:1,6
DA:3,6
DA:20,0
DA:30,0
DA:36,6
LF:5
LH:3
BRF:0
BRH:0
end_of_record
TN:
SF:utils\benchLogger\benchLogger.js
FN:20,(anonymous_0)
FN:30,(anonymous_1)
FNF:2
FNH:0
FNDA:0,(anonymous_0)
FNDA:0,(anonymous_1)
DA:1,1
DA:3,1
DA:20,0
DA:30,0
DA:36,1
LF:5
LH:3
BRF:0
BRH:0
end_of_record
TN:
SF:utils\empLeaveLogger\empLeaveLogger.js
FN:20,(anonymous_0)
FN:30,(anonymous_1)
FNF:2
FNH:0
FNDA:0,(anonymous_0)
FNDA:0,(anonymous_1)
DA:1,0
DA:3,0
DA:20,0
DA:30,0
DA:36,0
LF:5
LH:0
BRF:0
BRH:0
end_of_record
TN:
SF:utils\empLogger\employeeLogger.js
FN:20,(anonymous_0)
FN:30,(anonymous_1)
FNF:2
FNH:0
FNDA:0,(anonymous_0)
FNDA:0,(anonymous_1)
DA:1,1
DA:3,1
DA:20,0
DA:30,0
DA:36,1
LF:5
LH:3
BRF:0
BRH:0
end_of_record
TN:
SF:utils\notificationLogger\notificationLogger.js
FN:20,(anonymous_0)
FN:30,(anonymous_1)
FNF:2
FNH:0
FNDA:0,(anonymous_0)
FNDA:0,(anonymous_1)
DA:1,1
DA:3,1
DA:20,0
DA:30,0
DA:36,1
LF:5
LH:3
BRF:0
BRH:0
end_of_record
TN:
SF:utils\timeSheetLogger\timeSheetLogger.js
FN:20,(anonymous_0)
FN:30,(anonymous_1)
FNF:2
FNH:0
FNDA:0,(anonymous_0)
FNDA:0,(anonymous_1)
DA:1,0
DA:3,0
DA:20,0
DA:30,0
DA:36,0
LF:5
LH:0
BRF:0
BRH:0
end_of_record
